{"/home/gleb/HOTEL/app/glamping-backend/src/app.controller.ts": {"path":"/home/gleb/HOTEL/app/glamping-backend/src/app.controller.ts","statementMap":{"0":{"start":{"line":1,"column":0},"end":{"line":1,"column":49}},"1":{"start":{"line":2,"column":0},"end":{"line":2,"column":43}},"2":{"start":{"line":5,"column":7},"end":{"line":12,"column":null}},"3":{"start":{"line":6,"column":31},"end":{"line":6,"column":43}},"4":{"start":{"line":10,"column":4},"end":{"line":10,"column":38}},"5":{"start":{"line":5,"column":13},"end":{"line":5,"column":26}},"6":{"start":{"line":9,"column":2},"end":{"line":11,"column":null}},"7":{"start":{"line":5,"column":13},"end":{"line":12,"column":null}}},"fnMap":{"0":{"name":"(anonymous_2)","decl":{"start":{"line":6,"column":2},"end":{"line":6,"column":31}},"loc":{"start":{"line":6,"column":53},"end":{"line":6,"column":57}}},"1":{"name":"(anonymous_3)","decl":{"start":{"line":9,"column":2},"end":{"line":9,"column":10}},"loc":{"start":{"line":9,"column":10},"end":{"line":11,"column":3}}}},"branchMap":{"0":{"loc":{"start":{"line":6,"column":43},"end":{"line":6,"column":56}},"type":"cond-expr","locations":[{"start":{"line":6,"column":53},"end":{"line":6,"column":56}},{"start":{"line":6,"column":53},"end":{"line":6,"column":56}}]},"1":{"loc":{"start":{"line":6,"column":43},"end":{"line":6,"column":53}},"type":"binary-expr","locations":[{"start":{"line":6,"column":43},"end":{"line":6,"column":56}},{"start":{"line":6,"column":43},"end":{"line":6,"column":53}}]}},"s":{"0":1,"1":1,"2":1,"3":1,"4":1,"5":1,"6":1,"7":1},"f":{"0":1,"1":1},"b":{"0":[1,0],"1":[1,1]}}
,"/home/gleb/HOTEL/app/glamping-backend/src/app.module.ts": {"path":"/home/gleb/HOTEL/app/glamping-backend/src/app.module.ts","statementMap":{"0":{"start":{"line":1,"column":0},"end":{"line":1,"column":40}},"1":{"start":{"line":2,"column":0},"end":{"line":2,"column":46}},"2":{"start":{"line":3,"column":0},"end":{"line":3,"column":61}},"3":{"start":{"line":4,"column":0},"end":{"line":4,"column":68}},"4":{"start":{"line":5,"column":0},"end":{"line":5,"column":55}},"5":{"start":{"line":6,"column":0},"end":{"line":6,"column":48}},"6":{"start":{"line":7,"column":0},"end":{"line":7,"column":54}},"7":{"start":{"line":8,"column":0},"end":{"line":8,"column":57}},"8":{"start":{"line":9,"column":0},"end":{"line":9,"column":48}},"9":{"start":{"line":10,"column":0},"end":{"line":10,"column":83}},"10":{"start":{"line":11,"column":0},"end":{"line":11,"column":60}},"11":{"start":{"line":12,"column":0},"end":{"line":12,"column":63}},"12":{"start":{"line":13,"column":0},"end":{"line":13,"column":48}},"13":{"start":{"line":14,"column":0},"end":{"line":14,"column":57}},"14":{"start":{"line":15,"column":0},"end":{"line":15,"column":51}},"15":{"start":{"line":16,"column":0},"end":{"line":16,"column":51}},"16":{"start":{"line":17,"column":0},"end":{"line":17,"column":48}},"17":{"start":{"line":41,"column":7},"end":{"line":41,"column":null}},"18":{"start":{"line":41,"column":13},"end":{"line":41,"column":22}},"19":{"start":{"line":41,"column":13},"end":{"line":41,"column":null}}},"fnMap":{},"branchMap":{},"s":{"0":0,"1":0,"2":0,"3":0,"4":0,"5":0,"6":0,"7":0,"8":0,"9":0,"10":0,"11":0,"12":0,"13":0,"14":0,"15":0,"16":0,"17":0,"18":0,"19":0},"f":{},"b":{}}
,"/home/gleb/HOTEL/app/glamping-backend/src/app.service.ts": {"path":"/home/gleb/HOTEL/app/glamping-backend/src/app.service.ts","statementMap":{"0":{"start":{"line":1,"column":0},"end":{"line":1,"column":44}},"1":{"start":{"line":4,"column":7},"end":{"line":8,"column":null}},"2":{"start":{"line":6,"column":4},"end":{"line":6,"column":26}},"3":{"start":{"line":4,"column":13},"end":{"line":4,"column":23}},"4":{"start":{"line":4,"column":13},"end":{"line":8,"column":null}}},"fnMap":{"0":{"name":"(anonymous_1)","decl":{"start":{"line":5,"column":2},"end":{"line":5,"column":10}},"loc":{"start":{"line":5,"column":10},"end":{"line":7,"column":3}}}},"branchMap":{},"s":{"0":1,"1":1,"2":1,"3":1,"4":1},"f":{"0":1},"b":{}}
,"/home/gleb/HOTEL/app/glamping-backend/src/health.controller.ts": {"path":"/home/gleb/HOTEL/app/glamping-backend/src/health.controller.ts","statementMap":{"0":{"start":{"line":1,"column":0},"end":{"line":1,"column":50}},"1":{"start":{"line":2,"column":0},"end":{"line":2,"column":62}},"2":{"start":{"line":5,"column":7},"end":{"line":11,"column":null}},"3":{"start":{"line":9,"column":4},"end":{"line":9,"column":14}},"4":{"start":{"line":5,"column":13},"end":{"line":5,"column":29}},"5":{"start":{"line":8,"column":2},"end":{"line":10,"column":null}},"6":{"start":{"line":5,"column":13},"end":{"line":11,"column":null}}},"fnMap":{"0":{"name":"(anonymous_2)","decl":{"start":{"line":8,"column":2},"end":{"line":8,"column":8}},"loc":{"start":{"line":8,"column":8},"end":{"line":10,"column":3}}}},"branchMap":{},"s":{"0":0,"1":0,"2":0,"3":0,"4":0,"5":0,"6":0},"f":{"0":0},"b":{}}
,"/home/gleb/HOTEL/app/glamping-backend/src/main.ts": {"path":"/home/gleb/HOTEL/app/glamping-backend/src/main.ts","statementMap":{"0":{"start":{"line":1,"column":0},"end":{"line":1,"column":43}},"1":{"start":{"line":2,"column":0},"end":{"line":2,"column":48}},"2":{"start":{"line":3,"column":0},"end":{"line":3,"column":47}},"3":{"start":{"line":4,"column":0},"end":{"line":4,"column":41}},"4":{"start":{"line":5,"column":0},"end":{"line":5,"column":65}},"5":{"start":{"line":6,"column":0},"end":{"line":6,"column":28}},"6":{"start":{"line":7,"column":0},"end":{"line":7,"column":41}},"7":{"start":{"line":8,"column":0},"end":{"line":8,"column":77}},"8":{"start":{"line":9,"column":0},"end":{"line":9,"column":81}},"9":{"start":{"line":10,"column":0},"end":{"line":10,"column":79}},"10":{"start":{"line":11,"column":0},"end":{"line":11,"column":62}},"11":{"start":{"line":12,"column":0},"end":{"line":12,"column":69}},"12":{"start":{"line":13,"column":0},"end":{"line":13,"column":59}},"13":{"start":{"line":14,"column":0},"end":{"line":14,"column":63}},"14":{"start":{"line":17,"column":14},"end":{"line":17,"column":49}},"15":{"start":{"line":18,"column":17},"end":{"line":18,"column":39}},"16":{"start":{"line":20,"column":2},"end":{"line":20,"column":20}},"17":{"start":{"line":21,"column":25},"end":{"line":21,"column":64}},"18":{"start":{"line":22,"column":2},"end":{"line":28,"column":5}},"19":{"start":{"line":26,"column":55},"end":{"line":26,"column":63}},"20":{"start":{"line":30,"column":20},"end":{"line":30,"column":38}},"21":{"start":{"line":31,"column":17},"end":{"line":31,"column":39}},"22":{"start":{"line":32,"column":2},"end":{"line":36,"column":4}},"23":{"start":{"line":38,"column":2},"end":{"line":43,"column":4}},"24":{"start":{"line":44,"column":2},"end":{"line":44,"column":50}},"25":{"start":{"line":45,"column":2},"end":{"line":48,"column":4}},"26":{"start":{"line":50,"column":2},"end":{"line":50,"column":29}},"27":{"start":{"line":52,"column":25},"end":{"line":57,"column":12}},"28":{"start":{"line":58,"column":19},"end":{"line":58,"column":68}},"29":{"start":{"line":59,"column":2},"end":{"line":59,"column":49}},"30":{"start":{"line":61,"column":2},"end":{"line":61,"column":28}},"31":{"start":{"line":63,"column":15},"end":{"line":63,"column":47}},"32":{"start":{"line":64,"column":2},"end":{"line":64,"column":24}},"33":{"start":{"line":66,"column":0},"end":{"line":66,"column":17}}},"fnMap":{"0":{"name":"bootstrap","decl":{"start":{"line":16,"column":15},"end":{"line":16,"column":24}},"loc":{"start":{"line":16,"column":24},"end":{"line":65,"column":1}}},"1":{"name":"(anonymous_2)","decl":{"start":{"line":26,"column":40},"end":{"line":26,"column":41}},"loc":{"start":{"line":26,"column":55},"end":{"line":26,"column":63}}}},"branchMap":{"0":{"loc":{"start":{"line":24,"column":6},"end":{"line":26,"column":64}},"type":"cond-expr","locations":[{"start":{"line":25,"column":10},"end":{"line":25,"column":13}},{"start":{"line":26,"column":10},"end":{"line":26,"column":64}}]}},"s":{"0":0,"1":0,"2":0,"3":0,"4":0,"5":0,"6":0,"7":0,"8":0,"9":0,"10":0,"11":0,"12":0,"13":0,"14":0,"15":0,"16":0,"17":0,"18":0,"19":0,"20":0,"21":0,"22":0,"23":0,"24":0,"25":0,"26":0,"27":0,"28":0,"29":0,"30":0,"31":0,"32":0,"33":0},"f":{"0":0,"1":0},"b":{"0":[0,0]}}
,"/home/gleb/HOTEL/app/glamping-backend/src/auth/auth.controller.ts": {"path":"/home/gleb/HOTEL/app/glamping-backend/src/auth/auth.controller.ts","statementMap":{"0":{"start":{"line":1,"column":0},"end":{"line":1,"column":null}},"1":{"start":{"line":9,"column":0},"end":{"line":9,"column":71}},"2":{"start":{"line":10,"column":0},"end":{"line":10,"column":45}},"3":{"start":{"line":11,"column":0},"end":{"line":11,"column":43}},"4":{"start":{"line":12,"column":0},"end":{"line":12,"column":47}},"5":{"start":{"line":13,"column":0},"end":{"line":13,"column":63}},"6":{"start":{"line":14,"column":0},"end":{"line":14,"column":63}},"7":{"start":{"line":15,"column":0},"end":{"line":15,"column":74}},"8":{"start":{"line":19,"column":7},"end":{"line":43,"column":null}},"9":{"start":{"line":20,"column":22},"end":{"line":20,"column":35}},"10":{"start":{"line":26,"column":4},"end":{"line":26,"column":39}},"11":{"start":{"line":33,"column":4},"end":{"line":33,"column":54}},"12":{"start":{"line":41,"column":4},"end":{"line":41,"column":43}},"13":{"start":{"line":19,"column":13},"end":{"line":19,"column":27}},"14":{"start":{"line":25,"column":8},"end":{"line":27,"column":null}},"15":{"start":{"line":32,"column":8},"end":{"line":34,"column":null}},"16":{"start":{"line":40,"column":8},"end":{"line":42,"column":null}},"17":{"start":{"line":19,"column":13},"end":{"line":43,"column":null}}},"fnMap":{"0":{"name":"(anonymous_4)","decl":{"start":{"line":20,"column":2},"end":{"line":20,"column":22}},"loc":{"start":{"line":20,"column":46},"end":{"line":20,"column":50}}},"1":{"name":"(anonymous_5)","decl":{"start":{"line":25,"column":8},"end":{"line":25,"column":13}},"loc":{"start":{"line":25,"column":35},"end":{"line":27,"column":3}}},"2":{"name":"(anonymous_6)","decl":{"start":{"line":32,"column":8},"end":{"line":32,"column":15}},"loc":{"start":{"line":32,"column":39},"end":{"line":34,"column":3}}},"3":{"name":"(anonymous_7)","decl":{"start":{"line":40,"column":8},"end":{"line":40,"column":13}},"loc":{"start":{"line":40,"column":49},"end":{"line":42,"column":3}}}},"branchMap":{"0":{"loc":{"start":{"line":25,"column":27},"end":{"line":25,"column":null}},"type":"cond-expr","locations":[{"start":{"line":25,"column":35},"end":{"line":25,"column":null}},{"start":{"line":25,"column":35},"end":{"line":25,"column":null}}]},"1":{"loc":{"start":{"line":25,"column":27},"end":{"line":25,"column":35}},"type":"binary-expr","locations":[{"start":{"line":25,"column":27},"end":{"line":25,"column":null}},{"start":{"line":25,"column":27},"end":{"line":25,"column":35}}]},"2":{"loc":{"start":{"line":32,"column":29},"end":{"line":32,"column":null}},"type":"cond-expr","locations":[{"start":{"line":32,"column":39},"end":{"line":32,"column":null}},{"start":{"line":32,"column":39},"end":{"line":32,"column":null}}]},"3":{"loc":{"start":{"line":32,"column":29},"end":{"line":32,"column":39}},"type":"binary-expr","locations":[{"start":{"line":32,"column":29},"end":{"line":32,"column":null}},{"start":{"line":32,"column":29},"end":{"line":32,"column":39}}]},"4":{"loc":{"start":{"line":20,"column":35},"end":{"line":20,"column":49}},"type":"cond-expr","locations":[{"start":{"line":20,"column":46},"end":{"line":20,"column":49}},{"start":{"line":20,"column":46},"end":{"line":20,"column":49}}]},"5":{"loc":{"start":{"line":20,"column":35},"end":{"line":20,"column":46}},"type":"binary-expr","locations":[{"start":{"line":20,"column":35},"end":{"line":20,"column":49}},{"start":{"line":20,"column":35},"end":{"line":20,"column":46}}]}},"s":{"0":0,"1":0,"2":0,"3":0,"4":0,"5":0,"6":0,"7":0,"8":0,"9":0,"10":0,"11":0,"12":0,"13":0,"14":0,"15":0,"16":0,"17":0},"f":{"0":0,"1":0,"2":0,"3":0},"b":{"0":[0,0],"1":[0,0],"2":[0,0],"3":[0,0],"4":[0,0],"5":[0,0]}}
,"/home/gleb/HOTEL/app/glamping-backend/src/auth/auth.module.ts": {"path":"/home/gleb/HOTEL/app/glamping-backend/src/auth/auth.module.ts","statementMap":{"0":{"start":{"line":1,"column":0},"end":{"line":1,"column":40}},"1":{"start":{"line":2,"column":0},"end":{"line":2,"column":40}},"2":{"start":{"line":3,"column":0},"end":{"line":3,"column":50}},"3":{"start":{"line":4,"column":0},"end":{"line":4,"column":47}},"4":{"start":{"line":5,"column":0},"end":{"line":5,"column":45}},"5":{"start":{"line":6,"column":0},"end":{"line":6,"column":51}},"6":{"start":{"line":7,"column":0},"end":{"line":7,"column":45}},"7":{"start":{"line":24,"column":7},"end":{"line":24,"column":null}},"8":{"start":{"line":24,"column":13},"end":{"line":24,"column":23}},"9":{"start":{"line":24,"column":13},"end":{"line":24,"column":null}},"10":{"start":{"line":13,"column":46},"end":{"line":16,"column":8}}},"fnMap":{"0":{"name":"(anonymous_1)","decl":{"start":{"line":13,"column":18},"end":{"line":13,"column":19}},"loc":{"start":{"line":13,"column":46},"end":{"line":16,"column":8}}}},"branchMap":{},"s":{"0":0,"1":0,"2":0,"3":0,"4":0,"5":0,"6":0,"7":0,"8":0,"9":0,"10":0},"f":{"0":0},"b":{}}
,"/home/gleb/HOTEL/app/glamping-backend/src/auth/auth.service.ts": {"path":"/home/gleb/HOTEL/app/glamping-backend/src/auth/auth.service.ts","statementMap":{"0":{"start":{"line":1,"column":0},"end":{"line":1,"column":67}},"1":{"start":{"line":2,"column":0},"end":{"line":2,"column":41}},"2":{"start":{"line":3,"column":0},"end":{"line":3,"column":33}},"3":{"start":{"line":4,"column":0},"end":{"line":4,"column":64}},"4":{"start":{"line":5,"column":0},"end":{"line":5,"column":47}},"5":{"start":{"line":9,"column":7},"end":{"line":108,"column":null}},"6":{"start":{"line":11,"column":12},"end":{"line":11,"column":20}},"7":{"start":{"line":12,"column":12},"end":{"line":12,"column":24}},"8":{"start":{"line":13,"column":12},"end":{"line":13,"column":20}},"9":{"start":{"line":17,"column":17},"end":{"line":20,"column":6}},"10":{"start":{"line":22,"column":4},"end":{"line":24,"column":5}},"11":{"start":{"line":23,"column":6},"end":{"line":23,"column":61}},"12":{"start":{"line":26,"column":26},"end":{"line":26,"column":78}},"13":{"start":{"line":27,"column":4},"end":{"line":29,"column":5}},"14":{"start":{"line":28,"column":6},"end":{"line":28,"column":61}},"15":{"start":{"line":31,"column":19},"end":{"line":31,"column":65}},"16":{"start":{"line":32,"column":4},"end":{"line":35,"column":7}},"17":{"start":{"line":37,"column":4},"end":{"line":46,"column":6}},"18":{"start":{"line":50,"column":4},"end":{"line":75,"column":5}},"19":{"start":{"line":51,"column":22},"end":{"line":53,"column":8}},"20":{"start":{"line":55,"column":19},"end":{"line":57,"column":8}},"21":{"start":{"line":59,"column":6},"end":{"line":61,"column":7}},"22":{"start":{"line":60,"column":8},"end":{"line":60,"column":65}},"23":{"start":{"line":63,"column":21},"end":{"line":63,"column":67}},"24":{"start":{"line":64,"column":6},"end":{"line":67,"column":9}},"25":{"start":{"line":69,"column":6},"end":{"line":72,"column":8}},"26":{"start":{"line":74,"column":6},"end":{"line":74,"column":63}},"27":{"start":{"line":79,"column":17},"end":{"line":82,"column":6}},"28":{"start":{"line":84,"column":4},"end":{"line":86,"column":5}},"29":{"start":{"line":85,"column":6},"end":{"line":85,"column":40}},"30":{"start":{"line":88,"column":4},"end":{"line":93,"column":6}},"31":{"start":{"line":97,"column":20},"end":{"line":97,"column":42}},"32":{"start":{"line":99,"column":40},"end":{"line":104,"column":6}},"33":{"start":{"line":106,"column":4},"end":{"line":106,"column":41}},"34":{"start":{"line":9,"column":13},"end":{"line":9,"column":24}},"35":{"start":{"line":9,"column":13},"end":{"line":108,"column":null}}},"fnMap":{"0":{"name":"(anonymous_11)","decl":{"start":{"line":10,"column":2},"end":{"line":10,"column":null}},"loc":{"start":{"line":13,"column":33},"end":{"line":14,"column":6}}},"1":{"name":"(anonymous_12)","decl":{"start":{"line":16,"column":2},"end":{"line":16,"column":7}},"loc":{"start":{"line":16,"column":27},"end":{"line":47,"column":3}}},"2":{"name":"(anonymous_13)","decl":{"start":{"line":49,"column":2},"end":{"line":49,"column":7}},"loc":{"start":{"line":49,"column":36},"end":{"line":76,"column":3}}},"3":{"name":"(anonymous_14)","decl":{"start":{"line":78,"column":2},"end":{"line":78,"column":7}},"loc":{"start":{"line":78,"column":28},"end":{"line":94,"column":3}}},"4":{"name":"(anonymous_15)","decl":{"start":{"line":96,"column":10},"end":{"line":96,"column":15}},"loc":{"start":{"line":96,"column":60},"end":{"line":107,"column":3}}}},"branchMap":{"0":{"loc":{"start":{"line":22,"column":4},"end":{"line":24,"column":5}},"type":"if","locations":[{"start":{"line":22,"column":4},"end":{"line":24,"column":5}},{"start":{},"end":{}}]},"1":{"loc":{"start":{"line":27,"column":4},"end":{"line":29,"column":5}},"type":"if","locations":[{"start":{"line":27,"column":4},"end":{"line":29,"column":5}},{"start":{},"end":{}}]},"2":{"loc":{"start":{"line":59,"column":6},"end":{"line":61,"column":7}},"type":"if","locations":[{"start":{"line":59,"column":6},"end":{"line":61,"column":7}},{"start":{},"end":{}}]},"3":{"loc":{"start":{"line":59,"column":10},"end":{"line":59,"column":53}},"type":"binary-expr","locations":[{"start":{"line":59,"column":10},"end":{"line":59,"column":15}},{"start":{"line":59,"column":19},"end":{"line":59,"column":53}}]},"4":{"loc":{"start":{"line":84,"column":4},"end":{"line":86,"column":5}},"type":"if","locations":[{"start":{"line":84,"column":4},"end":{"line":86,"column":5}},{"start":{},"end":{}}]},"5":{"loc":{"start":{"line":11,"column":20},"end":{"line":11,"column":null}},"type":"cond-expr","locations":[{"start":{"line":11,"column":33},"end":{"line":11,"column":null}},{"start":{"line":11,"column":33},"end":{"line":11,"column":null}}]},"6":{"loc":{"start":{"line":11,"column":20},"end":{"line":11,"column":33}},"type":"binary-expr","locations":[{"start":{"line":11,"column":20},"end":{"line":11,"column":null}},{"start":{"line":11,"column":20},"end":{"line":11,"column":33}}]},"7":{"loc":{"start":{"line":11,"column":33},"end":{"line":12,"column":null}},"type":"cond-expr","locations":[{"start":{"line":12,"column":34},"end":{"line":12,"column":null}},{"start":{"line":12,"column":34},"end":{"line":12,"column":null}}]},"8":{"loc":{"start":{"line":11,"column":33},"end":{"line":12,"column":34}},"type":"binary-expr","locations":[{"start":{"line":11,"column":33},"end":{"line":12,"column":null}},{"start":{"line":12,"column":24},"end":{"line":12,"column":34}}]},"9":{"loc":{"start":{"line":12,"column":34},"end":{"line":13,"column":null}},"type":"cond-expr","locations":[{"start":{"line":13,"column":33},"end":{"line":13,"column":null}},{"start":{"line":13,"column":33},"end":{"line":13,"column":null}}]},"10":{"loc":{"start":{"line":12,"column":34},"end":{"line":13,"column":33}},"type":"binary-expr","locations":[{"start":{"line":12,"column":34},"end":{"line":13,"column":null}},{"start":{"line":13,"column":20},"end":{"line":13,"column":33}}]}},"s":{"0":0,"1":0,"2":0,"3":0,"4":0,"5":0,"6":0,"7":0,"8":0,"9":0,"10":0,"11":0,"12":0,"13":0,"14":0,"15":0,"16":0,"17":0,"18":0,"19":0,"20":0,"21":0,"22":0,"23":0,"24":0,"25":0,"26":0,"27":0,"28":0,"29":0,"30":0,"31":0,"32":0,"33":0,"34":0,"35":0},"f":{"0":0,"1":0,"2":0,"3":0,"4":0},"b":{"0":[0,0],"1":[0,0],"2":[0,0],"3":[0,0],"4":[0,0],"5":[0,0],"6":[0,0],"7":[0,0],"8":[0,0],"9":[0,0],"10":[0,0]}}
,"/home/gleb/HOTEL/app/glamping-backend/src/auth/jwt.strategy.ts": {"path":"/home/gleb/HOTEL/app/glamping-backend/src/auth/jwt.strategy.ts","statementMap":{"0":{"start":{"line":1,"column":0},"end":{"line":1,"column":67}},"1":{"start":{"line":2,"column":0},"end":{"line":2,"column":52}},"2":{"start":{"line":3,"column":0},"end":{"line":3,"column":52}},"3":{"start":{"line":4,"column":0},"end":{"line":4,"column":47}},"4":{"start":{"line":5,"column":0},"end":{"line":5,"column":64}},"5":{"start":{"line":8,"column":7},"end":{"line":35,"column":null}},"6":{"start":{"line":13,"column":4},"end":{"line":17,"column":7}},"7":{"start":{"line":11,"column":12},"end":{"line":11,"column":20}},"8":{"start":{"line":21,"column":17},"end":{"line":24,"column":6}},"9":{"start":{"line":25,"column":4},"end":{"line":27,"column":5}},"10":{"start":{"line":26,"column":6},"end":{"line":26,"column":40}},"11":{"start":{"line":28,"column":4},"end":{"line":33,"column":6}},"12":{"start":{"line":8,"column":13},"end":{"line":8,"column":24}},"13":{"start":{"line":8,"column":13},"end":{"line":35,"column":null}}},"fnMap":{"0":{"name":"(anonymous_2)","decl":{"start":{"line":9,"column":2},"end":{"line":9,"column":null}},"loc":{"start":{"line":11,"column":33},"end":{"line":18,"column":3}}},"1":{"name":"(anonymous_3)","decl":{"start":{"line":20,"column":2},"end":{"line":20,"column":7}},"loc":{"start":{"line":20,"column":41},"end":{"line":34,"column":3}}}},"branchMap":{"0":{"loc":{"start":{"line":25,"column":4},"end":{"line":27,"column":5}},"type":"if","locations":[{"start":{"line":25,"column":4},"end":{"line":27,"column":5}},{"start":{},"end":{}}]},"1":{"loc":{"start":{"line":10,"column":12},"end":{"line":10,"column":null}},"type":"cond-expr","locations":[{"start":{"line":10,"column":25},"end":{"line":10,"column":null}},{"start":{"line":10,"column":25},"end":{"line":10,"column":null}}]},"2":{"loc":{"start":{"line":10,"column":12},"end":{"line":10,"column":25}},"type":"binary-expr","locations":[{"start":{"line":10,"column":12},"end":{"line":10,"column":null}},{"start":{"line":10,"column":12},"end":{"line":10,"column":25}}]},"3":{"loc":{"start":{"line":10,"column":25},"end":{"line":11,"column":null}},"type":"cond-expr","locations":[{"start":{"line":11,"column":33},"end":{"line":11,"column":null}},{"start":{"line":11,"column":33},"end":{"line":11,"column":null}}]},"4":{"loc":{"start":{"line":10,"column":25},"end":{"line":11,"column":33}},"type":"binary-expr","locations":[{"start":{"line":10,"column":25},"end":{"line":11,"column":null}},{"start":{"line":11,"column":20},"end":{"line":11,"column":33}}]}},"s":{"0":0,"1":0,"2":0,"3":0,"4":0,"5":0,"6":0,"7":0,"8":0,"9":0,"10":0,"11":0,"12":0,"13":0},"f":{"0":0,"1":0},"b":{"0":[0,0],"1":[0,0],"2":[0,0],"3":[0,0],"4":[0,0]}}
,"/home/gleb/HOTEL/app/glamping-backend/src/auth/dto/login.dto.ts": {"path":"/home/gleb/HOTEL/app/glamping-backend/src/auth/dto/login.dto.ts","statementMap":{"0":{"start":{"line":1,"column":0},"end":{"line":1,"column":63}},"1":{"start":{"line":2,"column":0},"end":{"line":2,"column":46}},"2":{"start":{"line":4,"column":0},"end":{"line":4,"column":13}},"3":{"start":{"line":7,"column":2},"end":{"line":7,"column":null}},"4":{"start":{"line":12,"column":2},"end":{"line":12,"column":null}}},"fnMap":{},"branchMap":{},"s":{"0":0,"1":0,"2":0,"3":0,"4":0},"f":{},"b":{}}
,"/home/gleb/HOTEL/app/glamping-backend/src/auth/dto/refresh.dto.ts": {"path":"/home/gleb/HOTEL/app/glamping-backend/src/auth/dto/refresh.dto.ts","statementMap":{"0":{"start":{"line":1,"column":0},"end":{"line":1,"column":43}},"1":{"start":{"line":2,"column":0},"end":{"line":2,"column":46}},"2":{"start":{"line":4,"column":0},"end":{"line":4,"column":13}},"3":{"start":{"line":7,"column":2},"end":{"line":7,"column":null}}},"fnMap":{},"branchMap":{},"s":{"0":0,"1":0,"2":0,"3":0},"f":{},"b":{}}
,"/home/gleb/HOTEL/app/glamping-backend/src/common/decorators/current-user.decorator.ts": {"path":"/home/gleb/HOTEL/app/glamping-backend/src/common/decorators/current-user.decorator.ts","statementMap":{"0":{"start":{"line":1,"column":0},"end":{"line":1,"column":72}},"1":{"start":{"line":12,"column":13},"end":{"line":17,"column":2}},"2":{"start":{"line":14,"column":20},"end":{"line":14,"column":68}},"3":{"start":{"line":15,"column":4},"end":{"line":15,"column":24}}},"fnMap":{"0":{"name":"(anonymous_0)","decl":{"start":{"line":13,"column":2},"end":{"line":13,"column":3}},"loc":{"start":{"line":13,"column":43},"end":{"line":16,"column":3}}}},"branchMap":{},"s":{"0":0,"1":0,"2":0,"3":0},"f":{"0":0},"b":{}}
,"/home/gleb/HOTEL/app/glamping-backend/src/common/decorators/public.decorator.ts": {"path":"/home/gleb/HOTEL/app/glamping-backend/src/common/decorators/public.decorator.ts","statementMap":{"0":{"start":{"line":1,"column":0},"end":{"line":1,"column":45}},"1":{"start":{"line":3,"column":13},"end":{"line":3,"column":40}},"2":{"start":{"line":4,"column":22},"end":{"line":4,"column":60}},"3":{"start":{"line":4,"column":28},"end":{"line":4,"column":60}},"4":{"start":{"line":4,"column":13},"end":{"line":4,"column":22}}},"fnMap":{"0":{"name":"(anonymous_0)","decl":{"start":{"line":4,"column":22},"end":{"line":4,"column":25}},"loc":{"start":{"line":4,"column":28},"end":{"line":4,"column":60}}}},"branchMap":{},"s":{"0":0,"1":0,"2":0,"3":0,"4":0},"f":{"0":0},"b":{}}
,"/home/gleb/HOTEL/app/glamping-backend/src/common/decorators/require-permissions.decorator.ts": {"path":"/home/gleb/HOTEL/app/glamping-backend/src/common/decorators/require-permissions.decorator.ts","statementMap":{"0":{"start":{"line":1,"column":0},"end":{"line":1,"column":45}},"1":{"start":{"line":3,"column":13},"end":{"line":3,"column":60}},"2":{"start":{"line":4,"column":34},"end":{"line":5,"column":51}},"3":{"start":{"line":5,"column":2},"end":{"line":5,"column":51}},"4":{"start":{"line":4,"column":13},"end":{"line":4,"column":34}}},"fnMap":{"0":{"name":"(anonymous_0)","decl":{"start":{"line":4,"column":34},"end":{"line":4,"column":35}},"loc":{"start":{"line":5,"column":2},"end":{"line":5,"column":51}}}},"branchMap":{},"s":{"0":0,"1":0,"2":0,"3":0,"4":0},"f":{"0":0},"b":{}}
,"/home/gleb/HOTEL/app/glamping-backend/src/common/filters/all-exceptions.filter.ts": {"path":"/home/gleb/HOTEL/app/glamping-backend/src/common/filters/all-exceptions.filter.ts","statementMap":{"0":{"start":{"line":1,"column":0},"end":{"line":1,"column":null}},"1":{"start":{"line":12,"column":7},"end":{"line":45,"column":null}},"2":{"start":{"line":13,"column":28},"end":{"line":13,"column":51}},"3":{"start":{"line":16,"column":16},"end":{"line":16,"column":35}},"4":{"start":{"line":17,"column":21},"end":{"line":17,"column":48}},"5":{"start":{"line":18,"column":20},"end":{"line":18,"column":45}},"6":{"start":{"line":20,"column":17},"end":{"line":20,"column":49}},"7":{"start":{"line":21,"column":18},"end":{"line":21,"column":41}},"8":{"start":{"line":23,"column":4},"end":{"line":30,"column":5}},"9":{"start":{"line":24,"column":6},"end":{"line":24,"column":37}},"10":{"start":{"line":25,"column":25},"end":{"line":25,"column":48}},"11":{"start":{"line":26,"column":6},"end":{"line":29,"column":70}},"12":{"start":{"line":32,"column":4},"end":{"line":35,"column":6}},"13":{"start":{"line":37,"column":4},"end":{"line":43,"column":7}},"14":{"start":{"line":12,"column":13},"end":{"line":12,"column":32}},"15":{"start":{"line":12,"column":13},"end":{"line":45,"column":null}}},"fnMap":{"0":{"name":"(anonymous_1)","decl":{"start":{"line":15,"column":2},"end":{"line":15,"column":7}},"loc":{"start":{"line":15,"column":47},"end":{"line":44,"column":3}}}},"branchMap":{"0":{"loc":{"start":{"line":23,"column":4},"end":{"line":30,"column":5}},"type":"if","locations":[{"start":{"line":23,"column":4},"end":{"line":30,"column":5}},{"start":{},"end":{}}]},"1":{"loc":{"start":{"line":27,"column":8},"end":{"line":29,"column":69}},"type":"cond-expr","locations":[{"start":{"line":28,"column":12},"end":{"line":28,"column":22}},{"start":{"line":29,"column":13},"end":{"line":29,"column":69}}]},"2":{"loc":{"start":{"line":29,"column":13},"end":{"line":29,"column":69}},"type":"binary-expr","locations":[{"start":{"line":29,"column":13},"end":{"line":29,"column":58}},{"start":{"line":29,"column":62},"end":{"line":29,"column":69}}]},"3":{"loc":{"start":{"line":34,"column":6},"end":{"line":34,"column":55}},"type":"cond-expr","locations":[{"start":{"line":34,"column":35},"end":{"line":34,"column":50}},{"start":{"line":34,"column":53},"end":{"line":34,"column":55}}]}},"s":{"0":0,"1":0,"2":0,"3":0,"4":0,"5":0,"6":0,"7":0,"8":0,"9":0,"10":0,"11":0,"12":0,"13":0,"14":0,"15":0},"f":{"0":0},"b":{"0":[0,0],"1":[0,0],"2":[0,0],"3":[0,0]}}
,"/home/gleb/HOTEL/app/glamping-backend/src/common/guards/device.guard.ts": {"path":"/home/gleb/HOTEL/app/glamping-backend/src/common/guards/device.guard.ts","statementMap":{"0":{"start":{"line":1,"column":0},"end":{"line":1,"column":null}},"1":{"start":{"line":7,"column":0},"end":{"line":7,"column":57}},"2":{"start":{"line":16,"column":7},"end":{"line":43,"column":null}},"3":{"start":{"line":17,"column":22},"end":{"line":17,"column":30}},"4":{"start":{"line":20,"column":20},"end":{"line":20,"column":70}},"5":{"start":{"line":21,"column":24},"end":{"line":21,"column":79}},"6":{"start":{"line":23,"column":4},"end":{"line":25,"column":5}},"7":{"start":{"line":24,"column":6},"end":{"line":24,"column":18}},"8":{"start":{"line":27,"column":18},"end":{"line":32,"column":6}},"9":{"start":{"line":34,"column":4},"end":{"line":36,"column":5}},"10":{"start":{"line":35,"column":6},"end":{"line":35,"column":62}},"11":{"start":{"line":38,"column":4},"end":{"line":38,"column":26}},"12":{"start":{"line":39,"column":4},"end":{"line":39,"column":48}},"13":{"start":{"line":41,"column":4},"end":{"line":41,"column":16}},"14":{"start":{"line":16,"column":13},"end":{"line":16,"column":24}},"15":{"start":{"line":16,"column":13},"end":{"line":43,"column":null}}},"fnMap":{"0":{"name":"(anonymous_2)","decl":{"start":{"line":17,"column":2},"end":{"line":17,"column":22}},"loc":{"start":{"line":17,"column":43},"end":{"line":17,"column":47}}},"1":{"name":"(anonymous_3)","decl":{"start":{"line":19,"column":2},"end":{"line":19,"column":7}},"loc":{"start":{"line":19,"column":45},"end":{"line":42,"column":3}}}},"branchMap":{"0":{"loc":{"start":{"line":23,"column":4},"end":{"line":25,"column":5}},"type":"if","locations":[{"start":{"line":23,"column":4},"end":{"line":25,"column":5}},{"start":{},"end":{}}]},"1":{"loc":{"start":{"line":34,"column":4},"end":{"line":36,"column":5}},"type":"if","locations":[{"start":{"line":34,"column":4},"end":{"line":36,"column":5}},{"start":{},"end":{}}]},"2":{"loc":{"start":{"line":39,"column":22},"end":{"line":39,"column":47}},"type":"binary-expr","locations":[{"start":{"line":39,"column":22},"end":{"line":39,"column":39}},{"start":{"line":39,"column":43},"end":{"line":39,"column":47}}]},"3":{"loc":{"start":{"line":17,"column":30},"end":{"line":17,"column":46}},"type":"cond-expr","locations":[{"start":{"line":17,"column":43},"end":{"line":17,"column":46}},{"start":{"line":17,"column":43},"end":{"line":17,"column":46}}]},"4":{"loc":{"start":{"line":17,"column":30},"end":{"line":17,"column":43}},"type":"binary-expr","locations":[{"start":{"line":17,"column":30},"end":{"line":17,"column":46}},{"start":{"line":17,"column":30},"end":{"line":17,"column":43}}]}},"s":{"0":0,"1":0,"2":0,"3":0,"4":0,"5":0,"6":0,"7":0,"8":0,"9":0,"10":0,"11":0,"12":0,"13":0,"14":0,"15":0},"f":{"0":0,"1":0},"b":{"0":[0,0],"1":[0,0],"2":[0,0],"3":[0,0],"4":[0,0]}}
,"/home/gleb/HOTEL/app/glamping-backend/src/common/guards/jwt-auth.guard.ts": {"path":"/home/gleb/HOTEL/app/glamping-backend/src/common/guards/jwt-auth.guard.ts","statementMap":{"0":{"start":{"line":1,"column":0},"end":{"line":1,"column":62}},"1":{"start":{"line":2,"column":0},"end":{"line":2,"column":45}},"2":{"start":{"line":3,"column":0},"end":{"line":3,"column":41}},"3":{"start":{"line":4,"column":0},"end":{"line":4,"column":63}},"4":{"start":{"line":7,"column":7},"end":{"line":22,"column":null}},"5":{"start":{"line":9,"column":4},"end":{"line":9,"column":12}},"6":{"start":{"line":8,"column":22},"end":{"line":8,"column":33}},"7":{"start":{"line":13,"column":21},"end":{"line":16,"column":6}},"8":{"start":{"line":17,"column":4},"end":{"line":19,"column":5}},"9":{"start":{"line":18,"column":6},"end":{"line":18,"column":18}},"10":{"start":{"line":20,"column":4},"end":{"line":20,"column":38}},"11":{"start":{"line":7,"column":13},"end":{"line":7,"column":25}},"12":{"start":{"line":7,"column":13},"end":{"line":22,"column":null}}},"fnMap":{"0":{"name":"(anonymous_2)","decl":{"start":{"line":8,"column":2},"end":{"line":8,"column":22}},"loc":{"start":{"line":8,"column":42},"end":{"line":10,"column":3}}},"1":{"name":"(anonymous_3)","decl":{"start":{"line":12,"column":2},"end":{"line":12,"column":13}},"loc":{"start":{"line":12,"column":39},"end":{"line":21,"column":3}}}},"branchMap":{"0":{"loc":{"start":{"line":17,"column":4},"end":{"line":19,"column":5}},"type":"if","locations":[{"start":{"line":17,"column":4},"end":{"line":19,"column":5}},{"start":{},"end":{}}]},"1":{"loc":{"start":{"line":8,"column":33},"end":{"line":8,"column":null}},"type":"cond-expr","locations":[{"start":{"line":8,"column":42},"end":{"line":8,"column":null}},{"start":{"line":8,"column":42},"end":{"line":8,"column":null}}]},"2":{"loc":{"start":{"line":8,"column":33},"end":{"line":8,"column":42}},"type":"binary-expr","locations":[{"start":{"line":8,"column":33},"end":{"line":8,"column":null}},{"start":{"line":8,"column":33},"end":{"line":8,"column":42}}]}},"s":{"0":0,"1":0,"2":0,"3":0,"4":0,"5":0,"6":0,"7":0,"8":0,"9":0,"10":0,"11":0,"12":0},"f":{"0":0,"1":0},"b":{"0":[0,0],"1":[0,0],"2":[0,0]}}
,"/home/gleb/HOTEL/app/glamping-backend/src/common/guards/permissions.guard.ts": {"path":"/home/gleb/HOTEL/app/glamping-backend/src/common/guards/permissions.guard.ts","statementMap":{"0":{"start":{"line":1,"column":0},"end":{"line":1,"column":75}},"1":{"start":{"line":2,"column":0},"end":{"line":2,"column":41}},"2":{"start":{"line":3,"column":0},"end":{"line":3,"column":86}},"3":{"start":{"line":15,"column":7},"end":{"line":35,"column":null}},"4":{"start":{"line":16,"column":22},"end":{"line":16,"column":33}},"5":{"start":{"line":19,"column":32},"end":{"line":21,"column":null}},"6":{"start":{"line":23,"column":4},"end":{"line":25,"column":5}},"7":{"start":{"line":24,"column":6},"end":{"line":24,"column":18}},"8":{"start":{"line":26,"column":20},"end":{"line":26,"column":68}},"9":{"start":{"line":27,"column":17},"end":{"line":27,"column":29}},"10":{"start":{"line":28,"column":4},"end":{"line":30,"column":5}},"11":{"start":{"line":29,"column":6},"end":{"line":29,"column":19}},"12":{"start":{"line":31,"column":4},"end":{"line":33,"column":6}},"13":{"start":{"line":32,"column":6},"end":{"line":32,"column":50}},"14":{"start":{"line":15,"column":13},"end":{"line":15,"column":29}},"15":{"start":{"line":15,"column":13},"end":{"line":35,"column":null}}},"fnMap":{"0":{"name":"(anonymous_2)","decl":{"start":{"line":16,"column":2},"end":{"line":16,"column":22}},"loc":{"start":{"line":16,"column":42},"end":{"line":16,"column":46}}},"1":{"name":"(anonymous_3)","decl":{"start":{"line":18,"column":2},"end":{"line":18,"column":13}},"loc":{"start":{"line":18,"column":39},"end":{"line":34,"column":3}}},"2":{"name":"(anonymous_4)","decl":{"start":{"line":31,"column":36},"end":{"line":31,"column":37}},"loc":{"start":{"line":32,"column":6},"end":{"line":32,"column":50}}}},"branchMap":{"0":{"loc":{"start":{"line":23,"column":4},"end":{"line":25,"column":5}},"type":"if","locations":[{"start":{"line":23,"column":4},"end":{"line":25,"column":5}},{"start":{},"end":{}}]},"1":{"loc":{"start":{"line":28,"column":4},"end":{"line":30,"column":5}},"type":"if","locations":[{"start":{"line":28,"column":4},"end":{"line":30,"column":5}},{"start":{},"end":{}}]},"2":{"loc":{"start":{"line":16,"column":33},"end":{"line":16,"column":45}},"type":"cond-expr","locations":[{"start":{"line":16,"column":42},"end":{"line":16,"column":45}},{"start":{"line":16,"column":42},"end":{"line":16,"column":45}}]},"3":{"loc":{"start":{"line":16,"column":33},"end":{"line":16,"column":42}},"type":"binary-expr","locations":[{"start":{"line":16,"column":33},"end":{"line":16,"column":45}},{"start":{"line":16,"column":33},"end":{"line":16,"column":42}}]}},"s":{"0":0,"1":0,"2":0,"3":0,"4":0,"5":0,"6":0,"7":0,"8":0,"9":0,"10":0,"11":0,"12":0,"13":0,"14":0,"15":0},"f":{"0":0,"1":0,"2":0},"b":{"0":[0,0],"1":[0,0],"2":[0,0],"3":[0,0]}}
,"/home/gleb/HOTEL/app/glamping-backend/src/common/interceptors/logging.interceptor.ts": {"path":"/home/gleb/HOTEL/app/glamping-backend/src/common/interceptors/logging.interceptor.ts","statementMap":{"0":{"start":{"line":1,"column":0},"end":{"line":1,"column":null}},"1":{"start":{"line":9,"column":0},"end":{"line":9,"column":37}},"2":{"start":{"line":12,"column":7},"end":{"line":33,"column":null}},"3":{"start":{"line":13,"column":28},"end":{"line":13,"column":46}},"4":{"start":{"line":16,"column":4},"end":{"line":18,"column":5}},"5":{"start":{"line":17,"column":6},"end":{"line":17,"column":27}},"6":{"start":{"line":20,"column":16},"end":{"line":20,"column":26}},"7":{"start":{"line":21,"column":16},"end":{"line":23,"column":64}},"8":{"start":{"line":24,"column":32},"end":{"line":24,"column":35}},"9":{"start":{"line":26,"column":4},"end":{"line":31,"column":6}},"10":{"start":{"line":28,"column":24},"end":{"line":28,"column":40}},"11":{"start":{"line":29,"column":8},"end":{"line":29,"column":65}},"12":{"start":{"line":12,"column":13},"end":{"line":12,"column":31}},"13":{"start":{"line":12,"column":13},"end":{"line":33,"column":null}}},"fnMap":{"0":{"name":"(anonymous_1)","decl":{"start":{"line":15,"column":2},"end":{"line":15,"column":11}},"loc":{"start":{"line":15,"column":56},"end":{"line":32,"column":3}}},"1":{"name":"(anonymous_2)","decl":{"start":{"line":27,"column":10},"end":{"line":27,"column":13}},"loc":{"start":{"line":27,"column":15},"end":{"line":30,"column":7}}}},"branchMap":{"0":{"loc":{"start":{"line":16,"column":4},"end":{"line":18,"column":5}},"type":"if","locations":[{"start":{"line":16,"column":4},"end":{"line":18,"column":5}},{"start":{},"end":{}}]}},"s":{"0":0,"1":0,"2":0,"3":0,"4":0,"5":0,"6":0,"7":0,"8":0,"9":0,"10":0,"11":0,"12":0,"13":0},"f":{"0":0,"1":0},"b":{"0":[0,0]}}
,"/home/gleb/HOTEL/app/glamping-backend/src/common/interceptors/response.interceptor.ts": {"path":"/home/gleb/HOTEL/app/glamping-backend/src/common/interceptors/response.interceptor.ts","statementMap":{"0":{"start":{"line":1,"column":0},"end":{"line":1,"column":null}},"1":{"start":{"line":8,"column":0},"end":{"line":8,"column":37}},"2":{"start":{"line":17,"column":7},"end":{"line":34,"column":null}},"3":{"start":{"line":25,"column":4},"end":{"line":32,"column":6}},"4":{"start":{"line":26,"column":21},"end":{"line":31,"column":8}},"5":{"start":{"line":17,"column":13},"end":{"line":17,"column":32}},"6":{"start":{"line":17,"column":13},"end":{"line":34,"column":null}}},"fnMap":{"0":{"name":"(anonymous_1)","decl":{"start":{"line":21,"column":2},"end":{"line":21,"column":11}},"loc":{"start":{"line":23,"column":21},"end":{"line":33,"column":3}}},"1":{"name":"(anonymous_2)","decl":{"start":{"line":26,"column":10},"end":{"line":26,"column":11}},"loc":{"start":{"line":26,"column":21},"end":{"line":31,"column":8}}}},"branchMap":{},"s":{"0":0,"1":0,"2":0,"3":0,"4":0,"5":0,"6":0},"f":{"0":0,"1":0},"b":{}}
,"/home/gleb/HOTEL/app/glamping-backend/src/common/prisma/prisma.module.ts": {"path":"/home/gleb/HOTEL/app/glamping-backend/src/common/prisma/prisma.module.ts","statementMap":{"0":{"start":{"line":1,"column":0},"end":{"line":1,"column":48}},"1":{"start":{"line":2,"column":0},"end":{"line":2,"column":49}},"2":{"start":{"line":9,"column":7},"end":{"line":9,"column":null}},"3":{"start":{"line":9,"column":13},"end":{"line":9,"column":25}},"4":{"start":{"line":9,"column":13},"end":{"line":9,"column":null}}},"fnMap":{},"branchMap":{},"s":{"0":0,"1":0,"2":0,"3":0,"4":0},"f":{},"b":{}}
,"/home/gleb/HOTEL/app/glamping-backend/src/common/prisma/prisma.service.ts": {"path":"/home/gleb/HOTEL/app/glamping-backend/src/common/prisma/prisma.service.ts","statementMap":{"0":{"start":{"line":1,"column":0},"end":{"line":1,"column":75}},"1":{"start":{"line":2,"column":0},"end":{"line":2,"column":46}},"2":{"start":{"line":3,"column":0},"end":{"line":3,"column":46}},"3":{"start":{"line":4,"column":0},"end":{"line":4,"column":47}},"4":{"start":{"line":7,"column":7},"end":{"line":24,"column":null}},"5":{"start":{"line":12,"column":29},"end":{"line":12,"column":63}},"6":{"start":{"line":13,"column":20},"end":{"line":13,"column":54}},"7":{"start":{"line":14,"column":4},"end":{"line":14,"column":23}},"8":{"start":{"line":18,"column":4},"end":{"line":18,"column":26}},"9":{"start":{"line":22,"column":4},"end":{"line":22,"column":29}},"10":{"start":{"line":7,"column":13},"end":{"line":7,"column":26}},"11":{"start":{"line":7,"column":13},"end":{"line":24,"column":null}}},"fnMap":{"0":{"name":"(anonymous_2)","decl":{"start":{"line":11,"column":2},"end":{"line":11,"column":14}},"loc":{"start":{"line":11,"column":35},"end":{"line":15,"column":3}}},"1":{"name":"(anonymous_3)","decl":{"start":{"line":17,"column":2},"end":{"line":17,"column":7}},"loc":{"start":{"line":17,"column":20},"end":{"line":19,"column":3}}},"2":{"name":"(anonymous_4)","decl":{"start":{"line":21,"column":2},"end":{"line":21,"column":7}},"loc":{"start":{"line":21,"column":23},"end":{"line":23,"column":3}}}},"branchMap":{"0":{"loc":{"start":{"line":11,"column":22},"end":{"line":11,"column":null}},"type":"cond-expr","locations":[{"start":{"line":11,"column":35},"end":{"line":11,"column":null}},{"start":{"line":11,"column":35},"end":{"line":11,"column":null}}]},"1":{"loc":{"start":{"line":11,"column":22},"end":{"line":11,"column":35}},"type":"binary-expr","locations":[{"start":{"line":11,"column":22},"end":{"line":11,"column":null}},{"start":{"line":11,"column":22},"end":{"line":11,"column":35}}]}},"s":{"0":0,"1":0,"2":0,"3":0,"4":0,"5":0,"6":0,"7":0,"8":0,"9":0,"10":0,"11":0},"f":{"0":0,"1":0,"2":0},"b":{"0":[0,0],"1":[0,0]}}
,"/home/gleb/HOTEL/app/glamping-backend/src/config/config.validation.ts": {"path":"/home/gleb/HOTEL/app/glamping-backend/src/config/config.validation.ts","statementMap":{"0":{"start":{"line":1,"column":0},"end":{"line":1,"column":27}},"1":{"start":{"line":3,"column":13},"end":{"line":13,"column":3}}},"fnMap":{},"branchMap":{},"s":{"0":0,"1":0},"f":{},"b":{}}
,"/home/gleb/HOTEL/app/glamping-backend/src/gateway/gateway.module.ts": {"path":"/home/gleb/HOTEL/app/glamping-backend/src/gateway/gateway.module.ts","statementMap":{"0":{"start":{"line":1,"column":0},"end":{"line":1,"column":48}},"1":{"start":{"line":2,"column":0},"end":{"line":2,"column":51}},"2":{"start":{"line":9,"column":7},"end":{"line":9,"column":null}},"3":{"start":{"line":9,"column":13},"end":{"line":9,"column":26}},"4":{"start":{"line":9,"column":13},"end":{"line":9,"column":null}}},"fnMap":{},"branchMap":{},"s":{"0":0,"1":0,"2":0,"3":0,"4":0},"f":{},"b":{}}
,"/home/gleb/HOTEL/app/glamping-backend/src/gateway/gateway.service.ts": {"path":"/home/gleb/HOTEL/app/glamping-backend/src/gateway/gateway.service.ts","statementMap":{"0":{"start":{"line":1,"column":0},"end":{"line":1,"column":null}},"1":{"start":{"line":7,"column":0},"end":{"line":7,"column":40}},"2":{"start":{"line":8,"column":0},"end":{"line":8,"column":47}},"3":{"start":{"line":9,"column":0},"end":{"line":9,"column":43}},"4":{"start":{"line":19,"column":7},"end":{"line":63,"column":null}},"5":{"start":{"line":25,"column":28},"end":{"line":25,"column":49}},"6":{"start":{"line":27,"column":22},"end":{"line":27,"column":30}},"7":{"start":{"line":30,"column":4},"end":{"line":33,"column":6}},"8":{"start":{"line":37,"column":4},"end":{"line":37,"column":54}},"9":{"start":{"line":39,"column":17},"end":{"line":39,"column":66}},"10":{"start":{"line":40,"column":20},"end":{"line":40,"column":72}},"11":{"start":{"line":42,"column":4},"end":{"line":44,"column":5}},"12":{"start":{"line":43,"column":6},"end":{"line":43,"column":33}},"13":{"start":{"line":45,"column":4},"end":{"line":47,"column":5}},"14":{"start":{"line":46,"column":6},"end":{"line":46,"column":43}},"15":{"start":{"line":49,"column":4},"end":{"line":49,"column":65}},"16":{"start":{"line":53,"column":4},"end":{"line":53,"column":57}},"17":{"start":{"line":57,"column":4},"end":{"line":57,"column":50}},"18":{"start":{"line":61,"column":4},"end":{"line":61,"column":60}},"19":{"start":{"line":19,"column":13},"end":{"line":19,"column":27}},"20":{"start":{"line":23,"column":2},"end":{"line":23,"column":null}},"21":{"start":{"line":19,"column":13},"end":{"line":63,"column":null}},"22":{"start":{"line":16,"column":4},"end":{"line":16,"column":20}}},"fnMap":{"0":{"name":"(anonymous_2)","decl":{"start":{"line":27,"column":2},"end":{"line":27,"column":22}},"loc":{"start":{"line":27,"column":43},"end":{"line":27,"column":47}}},"1":{"name":"(anonymous_3)","decl":{"start":{"line":29,"column":2},"end":{"line":29,"column":11}},"loc":{"start":{"line":29,"column":11},"end":{"line":34,"column":3}}},"2":{"name":"(anonymous_4)","decl":{"start":{"line":36,"column":2},"end":{"line":36,"column":18}},"loc":{"start":{"line":36,"column":33},"end":{"line":50,"column":3}}},"3":{"name":"(anonymous_5)","decl":{"start":{"line":52,"column":2},"end":{"line":52,"column":18}},"loc":{"start":{"line":52,"column":33},"end":{"line":54,"column":3}}},"4":{"name":"(anonymous_6)","decl":{"start":{"line":56,"column":2},"end":{"line":56,"column":19}},"loc":{"start":{"line":56,"column":51},"end":{"line":58,"column":3}}},"5":{"name":"(anonymous_7)","decl":{"start":{"line":60,"column":2},"end":{"line":60,"column":13}},"loc":{"start":{"line":60,"column":62},"end":{"line":62,"column":3}}},"6":{"name":"(anonymous_8)","decl":{"start":{"line":12,"column":8},"end":{"line":12,"column":null}},"loc":{"start":{"line":15,"column":6},"end":{"line":17,"column":3}}}},"branchMap":{"0":{"loc":{"start":{"line":42,"column":4},"end":{"line":44,"column":5}},"type":"if","locations":[{"start":{"line":42,"column":4},"end":{"line":44,"column":5}},{"start":{},"end":{}}]},"1":{"loc":{"start":{"line":45,"column":4},"end":{"line":47,"column":5}},"type":"if","locations":[{"start":{"line":45,"column":4},"end":{"line":47,"column":5}},{"start":{},"end":{}}]},"2":{"loc":{"start":{"line":23,"column":10},"end":{"line":23,"column":17}},"type":"cond-expr","locations":[{"start":{"line":23,"column":16},"end":{"line":23,"column":17}},{"start":{"line":23,"column":16},"end":{"line":23,"column":17}}]},"3":{"loc":{"start":{"line":23,"column":10},"end":{"line":23,"column":16}},"type":"binary-expr","locations":[{"start":{"line":23,"column":10},"end":{"line":23,"column":17}},{"start":{"line":23,"column":10},"end":{"line":23,"column":16}}]},"4":{"loc":{"start":{"line":27,"column":30},"end":{"line":27,"column":46}},"type":"cond-expr","locations":[{"start":{"line":27,"column":43},"end":{"line":27,"column":46}},{"start":{"line":27,"column":43},"end":{"line":27,"column":46}}]},"5":{"loc":{"start":{"line":27,"column":30},"end":{"line":27,"column":43}},"type":"binary-expr","locations":[{"start":{"line":27,"column":30},"end":{"line":27,"column":46}},{"start":{"line":27,"column":30},"end":{"line":27,"column":43}}]}},"s":{"0":0,"1":0,"2":0,"3":0,"4":0,"5":0,"6":0,"7":0,"8":0,"9":0,"10":0,"11":0,"12":0,"13":0,"14":0,"15":0,"16":0,"17":0,"18":0,"19":0,"20":0,"21":0,"22":0},"f":{"0":0,"1":0,"2":0,"3":0,"4":0,"5":0,"6":0},"b":{"0":[0,0],"1":[0,0],"2":[0,0],"3":[0,0],"4":[0,0],"5":[0,0]}}
,"/home/gleb/HOTEL/app/glamping-backend/src/houses/houses.controller.ts": {"path":"/home/gleb/HOTEL/app/glamping-backend/src/houses/houses.controller.ts","statementMap":{"0":{"start":{"line":1,"column":0},"end":{"line":1,"column":null}},"1":{"start":{"line":10,"column":0},"end":{"line":10,"column":71}},"2":{"start":{"line":11,"column":0},"end":{"line":11,"column":49}},"3":{"start":{"line":12,"column":0},"end":{"line":12,"column":48}},"4":{"start":{"line":13,"column":0},"end":{"line":13,"column":56}},"5":{"start":{"line":14,"column":0},"end":{"line":14,"column":56}},"6":{"start":{"line":15,"column":0},"end":{"line":15,"column":63}},"7":{"start":{"line":16,"column":0},"end":{"line":16,"column":63}},"8":{"start":{"line":17,"column":0},"end":{"line":17,"column":88}},"9":{"start":{"line":21,"column":7},"end":{"line":100,"column":null}},"10":{"start":{"line":22,"column":22},"end":{"line":22,"column":37}},"11":{"start":{"line":28,"column":4},"end":{"line":28,"column":40}},"12":{"start":{"line":35,"column":4},"end":{"line":35,"column":45}},"13":{"start":{"line":44,"column":4},"end":{"line":44,"column":42}},"14":{"start":{"line":53,"column":4},"end":{"line":53,"column":46}},"15":{"start":{"line":62,"column":4},"end":{"line":62,"column":41}},"16":{"start":{"line":71,"column":4},"end":{"line":71,"column":47}},"17":{"start":{"line":80,"column":4},"end":{"line":80,"column":43}},"18":{"start":{"line":89,"column":4},"end":{"line":89,"column":54}},"19":{"start":{"line":98,"column":4},"end":{"line":98,"column":51}},"20":{"start":{"line":21,"column":13},"end":{"line":21,"column":29}},"21":{"start":{"line":27,"column":8},"end":{"line":29,"column":null}},"22":{"start":{"line":34,"column":8},"end":{"line":36,"column":null}},"23":{"start":{"line":43,"column":8},"end":{"line":45,"column":null}},"24":{"start":{"line":52,"column":8},"end":{"line":54,"column":null}},"25":{"start":{"line":61,"column":8},"end":{"line":63,"column":null}},"26":{"start":{"line":70,"column":8},"end":{"line":72,"column":null}},"27":{"start":{"line":79,"column":8},"end":{"line":81,"column":null}},"28":{"start":{"line":88,"column":8},"end":{"line":90,"column":null}},"29":{"start":{"line":97,"column":8},"end":{"line":99,"column":null}},"30":{"start":{"line":21,"column":13},"end":{"line":100,"column":null}}},"fnMap":{"0":{"name":"(anonymous_4)","decl":{"start":{"line":22,"column":2},"end":{"line":22,"column":22}},"loc":{"start":{"line":22,"column":50},"end":{"line":22,"column":54}}},"1":{"name":"(anonymous_5)","decl":{"start":{"line":27,"column":8},"end":{"line":27,"column":15}},"loc":{"start":{"line":27,"column":15},"end":{"line":29,"column":3}}},"2":{"name":"(anonymous_6)","decl":{"start":{"line":34,"column":8},"end":{"line":34,"column":20}},"loc":{"start":{"line":34,"column":20},"end":{"line":36,"column":3}}},"3":{"name":"(anonymous_7)","decl":{"start":{"line":43,"column":8},"end":{"line":43,"column":14}},"loc":{"start":{"line":43,"column":42},"end":{"line":45,"column":3}}},"4":{"name":"(anonymous_8)","decl":{"start":{"line":52,"column":8},"end":{"line":52,"column":14}},"loc":{"start":{"line":52,"column":67},"end":{"line":54,"column":3}}},"5":{"name":"(anonymous_9)","decl":{"start":{"line":61,"column":8},"end":{"line":61,"column":14}},"loc":{"start":{"line":61,"column":38},"end":{"line":63,"column":3}}},"6":{"name":"(anonymous_10)","decl":{"start":{"line":70,"column":8},"end":{"line":70,"column":15}},"loc":{"start":{"line":70,"column":64},"end":{"line":72,"column":3}}},"7":{"name":"(anonymous_11)","decl":{"start":{"line":79,"column":8},"end":{"line":79,"column":16}},"loc":{"start":{"line":79,"column":40},"end":{"line":81,"column":3}}},"8":{"name":"(anonymous_12)","decl":{"start":{"line":88,"column":8},"end":{"line":88,"column":27}},"loc":{"start":{"line":88,"column":51},"end":{"line":90,"column":3}}},"9":{"name":"(anonymous_13)","decl":{"start":{"line":97,"column":8},"end":{"line":97,"column":24}},"loc":{"start":{"line":97,"column":48},"end":{"line":99,"column":3}}}},"branchMap":{"0":{"loc":{"start":{"line":43,"column":28},"end":{"line":43,"column":null}},"type":"cond-expr","locations":[{"start":{"line":43,"column":42},"end":{"line":43,"column":null}},{"start":{"line":43,"column":42},"end":{"line":43,"column":null}}]},"1":{"loc":{"start":{"line":43,"column":28},"end":{"line":43,"column":42}},"type":"binary-expr","locations":[{"start":{"line":43,"column":28},"end":{"line":43,"column":null}},{"start":{"line":43,"column":28},"end":{"line":43,"column":42}}]},"2":{"loc":{"start":{"line":52,"column":53},"end":{"line":52,"column":null}},"type":"cond-expr","locations":[{"start":{"line":52,"column":67},"end":{"line":52,"column":null}},{"start":{"line":52,"column":67},"end":{"line":52,"column":null}}]},"3":{"loc":{"start":{"line":52,"column":53},"end":{"line":52,"column":67}},"type":"binary-expr","locations":[{"start":{"line":52,"column":53},"end":{"line":52,"column":null}},{"start":{"line":52,"column":53},"end":{"line":52,"column":67}}]},"4":{"loc":{"start":{"line":70,"column":54},"end":{"line":70,"column":null}},"type":"cond-expr","locations":[{"start":{"line":70,"column":64},"end":{"line":70,"column":null}},{"start":{"line":70,"column":64},"end":{"line":70,"column":null}}]},"5":{"loc":{"start":{"line":70,"column":54},"end":{"line":70,"column":64}},"type":"binary-expr","locations":[{"start":{"line":70,"column":54},"end":{"line":70,"column":null}},{"start":{"line":70,"column":54},"end":{"line":70,"column":64}}]},"6":{"loc":{"start":{"line":22,"column":37},"end":{"line":22,"column":53}},"type":"cond-expr","locations":[{"start":{"line":22,"column":50},"end":{"line":22,"column":53}},{"start":{"line":22,"column":50},"end":{"line":22,"column":53}}]},"7":{"loc":{"start":{"line":22,"column":37},"end":{"line":22,"column":50}},"type":"binary-expr","locations":[{"start":{"line":22,"column":37},"end":{"line":22,"column":53}},{"start":{"line":22,"column":37},"end":{"line":22,"column":50}}]}},"s":{"0":0,"1":0,"2":0,"3":0,"4":0,"5":0,"6":0,"7":0,"8":0,"9":0,"10":0,"11":0,"12":0,"13":0,"14":0,"15":0,"16":0,"17":0,"18":0,"19":0,"20":0,"21":0,"22":0,"23":0,"24":0,"25":0,"26":0,"27":0,"28":0,"29":0,"30":0},"f":{"0":0,"1":0,"2":0,"3":0,"4":0,"5":0,"6":0,"7":0,"8":0,"9":0},"b":{"0":[0,0],"1":[0,0],"2":[0,0],"3":[0,0],"4":[0,0],"5":[0,0],"6":[0,0],"7":[0,0]}}
,"/home/gleb/HOTEL/app/glamping-backend/src/houses/houses.module.ts": {"path":"/home/gleb/HOTEL/app/glamping-backend/src/houses/houses.module.ts","statementMap":{"0":{"start":{"line":1,"column":0},"end":{"line":1,"column":40}},"1":{"start":{"line":2,"column":0},"end":{"line":2,"column":49}},"2":{"start":{"line":3,"column":0},"end":{"line":3,"column":55}},"3":{"start":{"line":10,"column":7},"end":{"line":10,"column":null}},"4":{"start":{"line":10,"column":13},"end":{"line":10,"column":25}},"5":{"start":{"line":10,"column":13},"end":{"line":10,"column":null}}},"fnMap":{},"branchMap":{},"s":{"0":0,"1":0,"2":0,"3":0,"4":0,"5":0},"f":{},"b":{}}
,"/home/gleb/HOTEL/app/glamping-backend/src/houses/houses.service.ts": {"path":"/home/gleb/HOTEL/app/glamping-backend/src/houses/houses.service.ts","statementMap":{"0":{"start":{"line":1,"column":0},"end":{"line":1,"column":null}},"1":{"start":{"line":6,"column":0},"end":{"line":6,"column":64}},"2":{"start":{"line":7,"column":0},"end":{"line":7,"column":60}},"3":{"start":{"line":11,"column":0},"end":{"line":11,"column":37}},"4":{"start":{"line":14,"column":7},"end":{"line":214,"column":null}},"5":{"start":{"line":16,"column":12},"end":{"line":16,"column":20}},"6":{"start":{"line":17,"column":12},"end":{"line":17,"column":21}},"7":{"start":{"line":21,"column":21},"end":{"line":24,"column":6}},"8":{"start":{"line":26,"column":4},"end":{"line":34,"column":8}},"9":{"start":{"line":26,"column":32},"end":{"line":34,"column":6}},"10":{"start":{"line":38,"column":19},"end":{"line":43,"column":6}},"11":{"start":{"line":45,"column":4},"end":{"line":52,"column":8}},"12":{"start":{"line":45,"column":30},"end":{"line":52,"column":6}},"13":{"start":{"line":56,"column":21},"end":{"line":58,"column":6}},"14":{"start":{"line":59,"column":4},"end":{"line":60,"column":76}},"15":{"start":{"line":60,"column":6},"end":{"line":60,"column":76}},"16":{"start":{"line":62,"column":18},"end":{"line":64,"column":6}},"17":{"start":{"line":65,"column":4},"end":{"line":65,"column":72}},"18":{"start":{"line":69,"column":18},"end":{"line":69,"column":71}},"19":{"start":{"line":70,"column":4},"end":{"line":70,"column":63}},"20":{"start":{"line":70,"column":16},"end":{"line":70,"column":63}},"21":{"start":{"line":72,"column":4},"end":{"line":78,"column":5}},"22":{"start":{"line":73,"column":23},"end":{"line":75,"column":8}},"23":{"start":{"line":76,"column":6},"end":{"line":77,"column":78}},"24":{"start":{"line":77,"column":8},"end":{"line":77,"column":78}},"25":{"start":{"line":80,"column":20},"end":{"line":83,"column":6}},"26":{"start":{"line":84,"column":4},"end":{"line":84,"column":78}},"27":{"start":{"line":88,"column":18},"end":{"line":91,"column":6}},"28":{"start":{"line":92,"column":4},"end":{"line":92,"column":63}},"29":{"start":{"line":92,"column":16},"end":{"line":92,"column":63}},"30":{"start":{"line":93,"column":4},"end":{"line":94,"column":71}},"31":{"start":{"line":94,"column":6},"end":{"line":94,"column":71}},"32":{"start":{"line":96,"column":4},"end":{"line":96,"column":54}},"33":{"start":{"line":97,"column":4},"end":{"line":97,"column":40}},"34":{"start":{"line":101,"column":18},"end":{"line":103,"column":6}},"35":{"start":{"line":104,"column":4},"end":{"line":104,"column":63}},"36":{"start":{"line":104,"column":16},"end":{"line":104,"column":63}},"37":{"start":{"line":106,"column":4},"end":{"line":108,"column":5}},"38":{"start":{"line":107,"column":6},"end":{"line":107,"column":65}},"39":{"start":{"line":110,"column":20},"end":{"line":117,"column":6}},"40":{"start":{"line":119,"column":4},"end":{"line":122,"column":7}},"41":{"start":{"line":124,"column":4},"end":{"line":131,"column":7}},"42":{"start":{"line":133,"column":4},"end":{"line":140,"column":6}},"43":{"start":{"line":144,"column":18},"end":{"line":146,"column":6}},"44":{"start":{"line":147,"column":4},"end":{"line":147,"column":63}},"45":{"start":{"line":147,"column":16},"end":{"line":147,"column":63}},"46":{"start":{"line":149,"column":18},"end":{"line":149,"column":76}},"47":{"start":{"line":151,"column":4},"end":{"line":154,"column":7}},"48":{"start":{"line":156,"column":4},"end":{"line":156,"column":65}},"49":{"start":{"line":160,"column":18},"end":{"line":162,"column":6}},"50":{"start":{"line":163,"column":4},"end":{"line":163,"column":63}},"51":{"start":{"line":163,"column":16},"end":{"line":163,"column":63}},"52":{"start":{"line":165,"column":4},"end":{"line":168,"column":7}},"53":{"start":{"line":170,"column":4},"end":{"line":170,"column":64}},"54":{"start":{"line":174,"column":4},"end":{"line":212,"column":7}},"55":{"start":{"line":175,"column":22},"end":{"line":177,"column":8}},"56":{"start":{"line":179,"column":6},"end":{"line":181,"column":7}},"57":{"start":{"line":180,"column":8},"end":{"line":180,"column":65}},"58":{"start":{"line":183,"column":6},"end":{"line":189,"column":9}},"59":{"start":{"line":191,"column":6},"end":{"line":194,"column":9}},"60":{"start":{"line":196,"column":20},"end":{"line":199,"column":8}},"61":{"start":{"line":201,"column":6},"end":{"line":205,"column":9}},"62":{"start":{"line":207,"column":6},"end":{"line":211,"column":8}},"63":{"start":{"line":14,"column":13},"end":{"line":14,"column":26}},"64":{"start":{"line":14,"column":13},"end":{"line":214,"column":null}}},"fnMap":{"0":{"name":"(anonymous_2)","decl":{"start":{"line":15,"column":2},"end":{"line":15,"column":null}},"loc":{"start":{"line":17,"column":35},"end":{"line":18,"column":6}}},"1":{"name":"(anonymous_3)","decl":{"start":{"line":20,"column":2},"end":{"line":20,"column":7}},"loc":{"start":{"line":20,"column":20},"end":{"line":35,"column":3}}},"2":{"name":"(anonymous_4)","decl":{"start":{"line":26,"column":24},"end":{"line":26,"column":25}},"loc":{"start":{"line":26,"column":32},"end":{"line":34,"column":6}}},"3":{"name":"(anonymous_5)","decl":{"start":{"line":37,"column":2},"end":{"line":37,"column":7}},"loc":{"start":{"line":37,"column":15},"end":{"line":53,"column":3}}},"4":{"name":"(anonymous_6)","decl":{"start":{"line":45,"column":22},"end":{"line":45,"column":23}},"loc":{"start":{"line":45,"column":30},"end":{"line":52,"column":6}}},"5":{"name":"(anonymous_7)","decl":{"start":{"line":55,"column":2},"end":{"line":55,"column":7}},"loc":{"start":{"line":55,"column":34},"end":{"line":66,"column":3}}},"6":{"name":"(anonymous_8)","decl":{"start":{"line":68,"column":2},"end":{"line":68,"column":7}},"loc":{"start":{"line":68,"column":46},"end":{"line":85,"column":3}}},"7":{"name":"(anonymous_9)","decl":{"start":{"line":87,"column":2},"end":{"line":87,"column":7}},"loc":{"start":{"line":87,"column":25},"end":{"line":98,"column":3}}},"8":{"name":"(anonymous_10)","decl":{"start":{"line":100,"column":2},"end":{"line":100,"column":7}},"loc":{"start":{"line":100,"column":48},"end":{"line":141,"column":3}}},"9":{"name":"(anonymous_11)","decl":{"start":{"line":143,"column":2},"end":{"line":143,"column":7}},"loc":{"start":{"line":143,"column":43},"end":{"line":157,"column":3}}},"10":{"name":"(anonymous_12)","decl":{"start":{"line":159,"column":2},"end":{"line":159,"column":7}},"loc":{"start":{"line":159,"column":40},"end":{"line":171,"column":3}}},"11":{"name":"(anonymous_13)","decl":{"start":{"line":173,"column":2},"end":{"line":173,"column":7}},"loc":{"start":{"line":173,"column":32},"end":{"line":213,"column":3}}},"12":{"name":"(anonymous_14)","decl":{"start":{"line":174,"column":36},"end":{"line":174,"column":41}},"loc":{"start":{"line":174,"column":49},"end":{"line":212,"column":5}}}},"branchMap":{"0":{"loc":{"start":{"line":49,"column":18},"end":{"line":49,"column":56}},"type":"binary-expr","locations":[{"start":{"line":49,"column":18},"end":{"line":49,"column":43}},{"start":{"line":49,"column":47},"end":{"line":49,"column":56}}]},"1":{"loc":{"start":{"line":50,"column":12},"end":{"line":50,"column":39}},"type":"binary-expr","locations":[{"start":{"line":50,"column":12},"end":{"line":50,"column":31}},{"start":{"line":50,"column":35},"end":{"line":50,"column":39}}]},"2":{"loc":{"start":{"line":51,"column":17},"end":{"line":51,"column":69}},"type":"binary-expr","locations":[{"start":{"line":51,"column":17},"end":{"line":51,"column":56}},{"start":{"line":51,"column":60},"end":{"line":51,"column":69}}]},"3":{"loc":{"start":{"line":59,"column":4},"end":{"line":60,"column":76}},"type":"if","locations":[{"start":{"line":59,"column":4},"end":{"line":60,"column":76}},{"start":{},"end":{}}]},"4":{"loc":{"start":{"line":70,"column":4},"end":{"line":70,"column":63}},"type":"if","locations":[{"start":{"line":70,"column":4},"end":{"line":70,"column":63}},{"start":{},"end":{}}]},"5":{"loc":{"start":{"line":72,"column":4},"end":{"line":78,"column":5}},"type":"if","locations":[{"start":{"line":72,"column":4},"end":{"line":78,"column":5}},{"start":{},"end":{}}]},"6":{"loc":{"start":{"line":72,"column":8},"end":{"line":72,"column":49}},"type":"binary-expr","locations":[{"start":{"line":72,"column":8},"end":{"line":72,"column":18}},{"start":{"line":72,"column":22},"end":{"line":72,"column":49}}]},"7":{"loc":{"start":{"line":76,"column":6},"end":{"line":77,"column":78}},"type":"if","locations":[{"start":{"line":76,"column":6},"end":{"line":77,"column":78}},{"start":{},"end":{}}]},"8":{"loc":{"start":{"line":92,"column":4},"end":{"line":92,"column":63}},"type":"if","locations":[{"start":{"line":92,"column":4},"end":{"line":92,"column":63}},{"start":{},"end":{}}]},"9":{"loc":{"start":{"line":93,"column":4},"end":{"line":94,"column":71}},"type":"if","locations":[{"start":{"line":93,"column":4},"end":{"line":94,"column":71}},{"start":{},"end":{}}]},"10":{"loc":{"start":{"line":104,"column":4},"end":{"line":104,"column":63}},"type":"if","locations":[{"start":{"line":104,"column":4},"end":{"line":104,"column":63}},{"start":{},"end":{}}]},"11":{"loc":{"start":{"line":106,"column":4},"end":{"line":108,"column":5}},"type":"if","locations":[{"start":{"line":106,"column":4},"end":{"line":108,"column":5}},{"start":{},"end":{}}]},"12":{"loc":{"start":{"line":114,"column":14},"end":{"line":114,"column":30}},"type":"binary-expr","locations":[{"start":{"line":114,"column":14},"end":{"line":114,"column":22}},{"start":{"line":114,"column":26},"end":{"line":114,"column":30}}]},"13":{"loc":{"start":{"line":129,"column":12},"end":{"line":129,"column":28}},"type":"binary-expr","locations":[{"start":{"line":129,"column":12},"end":{"line":129,"column":20}},{"start":{"line":129,"column":24},"end":{"line":129,"column":28}}]},"14":{"loc":{"start":{"line":138,"column":12},"end":{"line":138,"column":28}},"type":"binary-expr","locations":[{"start":{"line":138,"column":12},"end":{"line":138,"column":20}},{"start":{"line":138,"column":24},"end":{"line":138,"column":28}}]},"15":{"loc":{"start":{"line":147,"column":4},"end":{"line":147,"column":63}},"type":"if","locations":[{"start":{"line":147,"column":4},"end":{"line":147,"column":63}},{"start":{},"end":{}}]},"16":{"loc":{"start":{"line":163,"column":4},"end":{"line":163,"column":63}},"type":"if","locations":[{"start":{"line":163,"column":4},"end":{"line":163,"column":63}},{"start":{},"end":{}}]},"17":{"loc":{"start":{"line":179,"column":6},"end":{"line":181,"column":7}},"type":"if","locations":[{"start":{"line":179,"column":6},"end":{"line":181,"column":7}},{"start":{},"end":{}}]},"18":{"loc":{"start":{"line":16,"column":20},"end":{"line":16,"column":null}},"type":"cond-expr","locations":[{"start":{"line":16,"column":33},"end":{"line":16,"column":null}},{"start":{"line":16,"column":33},"end":{"line":16,"column":null}}]},"19":{"loc":{"start":{"line":16,"column":20},"end":{"line":16,"column":33}},"type":"binary-expr","locations":[{"start":{"line":16,"column":20},"end":{"line":16,"column":null}},{"start":{"line":16,"column":20},"end":{"line":16,"column":33}}]},"20":{"loc":{"start":{"line":16,"column":33},"end":{"line":17,"column":null}},"type":"cond-expr","locations":[{"start":{"line":17,"column":35},"end":{"line":17,"column":null}},{"start":{"line":17,"column":35},"end":{"line":17,"column":null}}]},"21":{"loc":{"start":{"line":16,"column":33},"end":{"line":17,"column":35}},"type":"binary-expr","locations":[{"start":{"line":16,"column":33},"end":{"line":17,"column":null}},{"start":{"line":17,"column":21},"end":{"line":17,"column":35}}]}},"s":{"0":0,"1":0,"2":0,"3":0,"4":0,"5":0,"6":0,"7":0,"8":0,"9":0,"10":0,"11":0,"12":0,"13":0,"14":0,"15":0,"16":0,"17":0,"18":0,"19":0,"20":0,"21":0,"22":0,"23":0,"24":0,"25":0,"26":0,"27":0,"28":0,"29":0,"30":0,"31":0,"32":0,"33":0,"34":0,"35":0,"36":0,"37":0,"38":0,"39":0,"40":0,"41":0,"42":0,"43":0,"44":0,"45":0,"46":0,"47":0,"48":0,"49":0,"50":0,"51":0,"52":0,"53":0,"54":0,"55":0,"56":0,"57":0,"58":0,"59":0,"60":0,"61":0,"62":0,"63":0,"64":0},"f":{"0":0,"1":0,"2":0,"3":0,"4":0,"5":0,"6":0,"7":0,"8":0,"9":0,"10":0,"11":0,"12":0},"b":{"0":[0,0],"1":[0,0],"2":[0,0],"3":[0,0],"4":[0,0],"5":[0,0],"6":[0,0],"7":[0,0],"8":[0,0],"9":[0,0],"10":[0,0],"11":[0,0],"12":[0,0],"13":[0,0],"14":[0,0],"15":[0,0],"16":[0,0],"17":[0,0],"18":[0,0],"19":[0,0],"20":[0,0],"21":[0,0]}}
,"/home/gleb/HOTEL/app/glamping-backend/src/houses/dto/check-in.dto.ts": {"path":"/home/gleb/HOTEL/app/glamping-backend/src/houses/dto/check-in.dto.ts","statementMap":{"0":{"start":{"line":1,"column":0},"end":{"line":1,"column":72}},"1":{"start":{"line":2,"column":0},"end":{"line":2,"column":54}},"2":{"start":{"line":4,"column":0},"end":{"line":4,"column":13}},"3":{"start":{"line":10,"column":2},"end":{"line":10,"column":null}},"4":{"start":{"line":15,"column":2},"end":{"line":15,"column":null}}},"fnMap":{},"branchMap":{},"s":{"0":0,"1":0,"2":0,"3":0,"4":0},"f":{},"b":{}}
,"/home/gleb/HOTEL/app/glamping-backend/src/houses/dto/create-house.dto.ts": {"path":"/home/gleb/HOTEL/app/glamping-backend/src/houses/dto/create-house.dto.ts","statementMap":{"0":{"start":{"line":1,"column":0},"end":{"line":1,"column":45}},"1":{"start":{"line":2,"column":0},"end":{"line":2,"column":46}},"2":{"start":{"line":4,"column":0},"end":{"line":4,"column":13}},"3":{"start":{"line":8,"column":2},"end":{"line":8,"column":null}}},"fnMap":{},"branchMap":{},"s":{"0":0,"1":0,"2":0,"3":0},"f":{},"b":{}}
,"/home/gleb/HOTEL/app/glamping-backend/src/houses/dto/update-house.dto.ts": {"path":"/home/gleb/HOTEL/app/glamping-backend/src/houses/dto/update-house.dto.ts","statementMap":{"0":{"start":{"line":1,"column":0},"end":{"line":1,"column":57}},"1":{"start":{"line":2,"column":0},"end":{"line":2,"column":54}},"2":{"start":{"line":4,"column":0},"end":{"line":4,"column":13}},"3":{"start":{"line":9,"column":2},"end":{"line":9,"column":null}}},"fnMap":{},"branchMap":{},"s":{"0":0,"1":0,"2":0,"3":0},"f":{},"b":{}}
,"/home/gleb/HOTEL/app/glamping-backend/src/info/info.controller.ts": {"path":"/home/gleb/HOTEL/app/glamping-backend/src/info/info.controller.ts","statementMap":{"0":{"start":{"line":1,"column":0},"end":{"line":1,"column":71}},"1":{"start":{"line":2,"column":0},"end":{"line":2,"column":71}},"2":{"start":{"line":3,"column":0},"end":{"line":3,"column":45}},"3":{"start":{"line":4,"column":0},"end":{"line":4,"column":54}},"4":{"start":{"line":5,"column":0},"end":{"line":5,"column":63}},"5":{"start":{"line":6,"column":0},"end":{"line":6,"column":63}},"6":{"start":{"line":7,"column":0},"end":{"line":7,"column":88}},"7":{"start":{"line":11,"column":7},"end":{"line":29,"column":null}},"8":{"start":{"line":12,"column":22},"end":{"line":12,"column":35}},"9":{"start":{"line":18,"column":4},"end":{"line":18,"column":38}},"10":{"start":{"line":27,"column":4},"end":{"line":27,"column":44}},"11":{"start":{"line":11,"column":13},"end":{"line":11,"column":27}},"12":{"start":{"line":17,"column":8},"end":{"line":19,"column":null}},"13":{"start":{"line":26,"column":8},"end":{"line":28,"column":null}},"14":{"start":{"line":11,"column":13},"end":{"line":29,"column":null}}},"fnMap":{"0":{"name":"(anonymous_4)","decl":{"start":{"line":12,"column":2},"end":{"line":12,"column":22}},"loc":{"start":{"line":12,"column":46},"end":{"line":12,"column":50}}},"1":{"name":"(anonymous_5)","decl":{"start":{"line":17,"column":8},"end":{"line":17,"column":15}},"loc":{"start":{"line":17,"column":15},"end":{"line":19,"column":3}}},"2":{"name":"(anonymous_6)","decl":{"start":{"line":26,"column":8},"end":{"line":26,"column":18}},"loc":{"start":{"line":26,"column":45},"end":{"line":28,"column":3}}}},"branchMap":{"0":{"loc":{"start":{"line":26,"column":32},"end":{"line":26,"column":null}},"type":"cond-expr","locations":[{"start":{"line":26,"column":45},"end":{"line":26,"column":null}},{"start":{"line":26,"column":45},"end":{"line":26,"column":null}}]},"1":{"loc":{"start":{"line":26,"column":32},"end":{"line":26,"column":45}},"type":"binary-expr","locations":[{"start":{"line":26,"column":32},"end":{"line":26,"column":null}},{"start":{"line":26,"column":32},"end":{"line":26,"column":45}}]},"2":{"loc":{"start":{"line":12,"column":35},"end":{"line":12,"column":49}},"type":"cond-expr","locations":[{"start":{"line":12,"column":46},"end":{"line":12,"column":49}},{"start":{"line":12,"column":46},"end":{"line":12,"column":49}}]},"3":{"loc":{"start":{"line":12,"column":35},"end":{"line":12,"column":46}},"type":"binary-expr","locations":[{"start":{"line":12,"column":35},"end":{"line":12,"column":49}},{"start":{"line":12,"column":35},"end":{"line":12,"column":46}}]}},"s":{"0":0,"1":0,"2":0,"3":0,"4":0,"5":0,"6":0,"7":0,"8":0,"9":0,"10":0,"11":0,"12":0,"13":0,"14":0},"f":{"0":0,"1":0,"2":0},"b":{"0":[0,0],"1":[0,0],"2":[0,0],"3":[0,0]}}
,"/home/gleb/HOTEL/app/glamping-backend/src/info/info.module.ts": {"path":"/home/gleb/HOTEL/app/glamping-backend/src/info/info.module.ts","statementMap":{"0":{"start":{"line":1,"column":0},"end":{"line":1,"column":40}},"1":{"start":{"line":2,"column":0},"end":{"line":2,"column":45}},"2":{"start":{"line":3,"column":0},"end":{"line":3,"column":51}},"3":{"start":{"line":4,"column":0},"end":{"line":4,"column":69}},"4":{"start":{"line":5,"column":0},"end":{"line":5,"column":58}},"5":{"start":{"line":13,"column":7},"end":{"line":13,"column":null}},"6":{"start":{"line":13,"column":13},"end":{"line":13,"column":23}},"7":{"start":{"line":13,"column":13},"end":{"line":13,"column":null}}},"fnMap":{},"branchMap":{},"s":{"0":0,"1":0,"2":0,"3":0,"4":0,"5":0,"6":0,"7":0},"f":{},"b":{}}
,"/home/gleb/HOTEL/app/glamping-backend/src/info/info.service.ts": {"path":"/home/gleb/HOTEL/app/glamping-backend/src/info/info.service.ts","statementMap":{"0":{"start":{"line":1,"column":0},"end":{"line":1,"column":44}},"1":{"start":{"line":2,"column":0},"end":{"line":2,"column":64}},"2":{"start":{"line":3,"column":0},"end":{"line":3,"column":60}},"3":{"start":{"line":7,"column":7},"end":{"line":50,"column":null}},"4":{"start":{"line":9,"column":12},"end":{"line":9,"column":20}},"5":{"start":{"line":10,"column":12},"end":{"line":10,"column":21}},"6":{"start":{"line":14,"column":17},"end":{"line":14,"column":53}},"7":{"start":{"line":15,"column":16},"end":{"line":15,"column":69}},"8":{"start":{"line":15,"column":51},"end":{"line":15,"column":67}},"9":{"start":{"line":17,"column":4},"end":{"line":24,"column":6}},"10":{"start":{"line":28,"column":20},"end":{"line":35,"column":42}},"11":{"start":{"line":35,"column":20},"end":{"line":35,"column":41}},"12":{"start":{"line":37,"column":4},"end":{"line":43,"column":5}},"13":{"start":{"line":38,"column":6},"end":{"line":42,"column":9}},"14":{"start":{"line":45,"column":17},"end":{"line":45,"column":37}},"15":{"start":{"line":46,"column":4},"end":{"line":46,"column":64}},"16":{"start":{"line":48,"column":4},"end":{"line":48,"column":16}},"17":{"start":{"line":7,"column":13},"end":{"line":7,"column":24}},"18":{"start":{"line":7,"column":13},"end":{"line":50,"column":null}}},"fnMap":{"0":{"name":"(anonymous_2)","decl":{"start":{"line":8,"column":2},"end":{"line":8,"column":null}},"loc":{"start":{"line":10,"column":35},"end":{"line":11,"column":6}}},"1":{"name":"(anonymous_3)","decl":{"start":{"line":13,"column":2},"end":{"line":13,"column":7}},"loc":{"start":{"line":13,"column":15},"end":{"line":25,"column":3}}},"2":{"name":"(anonymous_4)","decl":{"start":{"line":15,"column":44},"end":{"line":15,"column":45}},"loc":{"start":{"line":15,"column":51},"end":{"line":15,"column":67}}},"3":{"name":"(anonymous_5)","decl":{"start":{"line":27,"column":2},"end":{"line":27,"column":7}},"loc":{"start":{"line":27,"column":37},"end":{"line":49,"column":3}}},"4":{"name":"(anonymous_6)","decl":{"start":{"line":35,"column":13},"end":{"line":35,"column":14}},"loc":{"start":{"line":35,"column":20},"end":{"line":35,"column":41}}}},"branchMap":{"0":{"loc":{"start":{"line":18,"column":13},"end":{"line":18,"column":28}},"type":"binary-expr","locations":[{"start":{"line":18,"column":13},"end":{"line":18,"column":22}},{"start":{"line":18,"column":26},"end":{"line":18,"column":28}}]},"1":{"loc":{"start":{"line":19,"column":16},"end":{"line":19,"column":35}},"type":"binary-expr","locations":[{"start":{"line":19,"column":16},"end":{"line":19,"column":29}},{"start":{"line":19,"column":33},"end":{"line":19,"column":35}}]},"2":{"loc":{"start":{"line":20,"column":20},"end":{"line":20,"column":43}},"type":"binary-expr","locations":[{"start":{"line":20,"column":20},"end":{"line":20,"column":37}},{"start":{"line":20,"column":41},"end":{"line":20,"column":43}}]},"3":{"loc":{"start":{"line":21,"column":13},"end":{"line":21,"column":28}},"type":"binary-expr","locations":[{"start":{"line":21,"column":13},"end":{"line":21,"column":22}},{"start":{"line":21,"column":26},"end":{"line":21,"column":28}}]},"4":{"loc":{"start":{"line":22,"column":19},"end":{"line":22,"column":40}},"type":"binary-expr","locations":[{"start":{"line":22,"column":19},"end":{"line":22,"column":34}},{"start":{"line":22,"column":38},"end":{"line":22,"column":40}}]},"5":{"loc":{"start":{"line":23,"column":20},"end":{"line":23,"column":43}},"type":"binary-expr","locations":[{"start":{"line":23,"column":20},"end":{"line":23,"column":37}},{"start":{"line":23,"column":41},"end":{"line":23,"column":43}}]},"6":{"loc":{"start":{"line":9,"column":20},"end":{"line":9,"column":null}},"type":"cond-expr","locations":[{"start":{"line":9,"column":33},"end":{"line":9,"column":null}},{"start":{"line":9,"column":33},"end":{"line":9,"column":null}}]},"7":{"loc":{"start":{"line":9,"column":20},"end":{"line":9,"column":33}},"type":"binary-expr","locations":[{"start":{"line":9,"column":20},"end":{"line":9,"column":null}},{"start":{"line":9,"column":20},"end":{"line":9,"column":33}}]},"8":{"loc":{"start":{"line":9,"column":33},"end":{"line":10,"column":null}},"type":"cond-expr","locations":[{"start":{"line":10,"column":35},"end":{"line":10,"column":null}},{"start":{"line":10,"column":35},"end":{"line":10,"column":null}}]},"9":{"loc":{"start":{"line":9,"column":33},"end":{"line":10,"column":35}},"type":"binary-expr","locations":[{"start":{"line":9,"column":33},"end":{"line":10,"column":null}},{"start":{"line":10,"column":21},"end":{"line":10,"column":35}}]}},"s":{"0":0,"1":0,"2":0,"3":0,"4":0,"5":0,"6":0,"7":0,"8":0,"9":0,"10":0,"11":0,"12":0,"13":0,"14":0,"15":0,"16":0,"17":0,"18":0},"f":{"0":0,"1":0,"2":0,"3":0,"4":0},"b":{"0":[0,0],"1":[0,0],"2":[0,0],"3":[0,0],"4":[0,0],"5":[0,0],"6":[0,0],"7":[0,0],"8":[0,0],"9":[0,0]}}
,"/home/gleb/HOTEL/app/glamping-backend/src/info/dto/update-info.dto.ts": {"path":"/home/gleb/HOTEL/app/glamping-backend/src/info/dto/update-info.dto.ts","statementMap":{"0":{"start":{"line":1,"column":0},"end":{"line":1,"column":55}},"1":{"start":{"line":2,"column":0},"end":{"line":2,"column":54}},"2":{"start":{"line":4,"column":0},"end":{"line":4,"column":13}},"3":{"start":{"line":8,"column":2},"end":{"line":8,"column":null}},"4":{"start":{"line":13,"column":2},"end":{"line":13,"column":null}},"5":{"start":{"line":18,"column":2},"end":{"line":18,"column":null}},"6":{"start":{"line":23,"column":2},"end":{"line":23,"column":null}},"7":{"start":{"line":28,"column":2},"end":{"line":28,"column":null}},"8":{"start":{"line":33,"column":2},"end":{"line":33,"column":null}}},"fnMap":{},"branchMap":{},"s":{"0":0,"1":0,"2":0,"3":0,"4":0,"5":0,"6":0,"7":0,"8":0},"f":{},"b":{}}
,"/home/gleb/HOTEL/app/glamping-backend/src/menu/menu.controller.ts": {"path":"/home/gleb/HOTEL/app/glamping-backend/src/menu/menu.controller.ts","statementMap":{"0":{"start":{"line":1,"column":0},"end":{"line":1,"column":null}},"1":{"start":{"line":11,"column":0},"end":{"line":11,"column":null}},"2":{"start":{"line":17,"column":0},"end":{"line":17,"column":45}},"3":{"start":{"line":18,"column":0},"end":{"line":18,"column":63}},"4":{"start":{"line":19,"column":0},"end":{"line":19,"column":63}},"5":{"start":{"line":20,"column":0},"end":{"line":20,"column":63}},"6":{"start":{"line":21,"column":0},"end":{"line":21,"column":63}},"7":{"start":{"line":22,"column":0},"end":{"line":22,"column":88}},"8":{"start":{"line":26,"column":7},"end":{"line":63,"column":null}},"9":{"start":{"line":27,"column":22},"end":{"line":27,"column":35}},"10":{"start":{"line":34,"column":4},"end":{"line":34,"column":59}},"11":{"start":{"line":43,"column":4},"end":{"line":43,"column":40}},"12":{"start":{"line":52,"column":4},"end":{"line":52,"column":44}},"13":{"start":{"line":61,"column":4},"end":{"line":61,"column":38}},"14":{"start":{"line":26,"column":13},"end":{"line":26,"column":27}},"15":{"start":{"line":33,"column":8},"end":{"line":35,"column":null}},"16":{"start":{"line":42,"column":8},"end":{"line":44,"column":null}},"17":{"start":{"line":51,"column":8},"end":{"line":53,"column":null}},"18":{"start":{"line":60,"column":8},"end":{"line":62,"column":null}},"19":{"start":{"line":26,"column":13},"end":{"line":63,"column":null}}},"fnMap":{"0":{"name":"(anonymous_4)","decl":{"start":{"line":27,"column":2},"end":{"line":27,"column":22}},"loc":{"start":{"line":27,"column":46},"end":{"line":27,"column":50}}},"1":{"name":"(anonymous_5)","decl":{"start":{"line":33,"column":8},"end":{"line":33,"column":15}},"loc":{"start":{"line":33,"column":56},"end":{"line":35,"column":3}}},"2":{"name":"(anonymous_6)","decl":{"start":{"line":42,"column":8},"end":{"line":42,"column":14}},"loc":{"start":{"line":42,"column":45},"end":{"line":44,"column":3}}},"3":{"name":"(anonymous_7)","decl":{"start":{"line":51,"column":8},"end":{"line":51,"column":14}},"loc":{"start":{"line":51,"column":70},"end":{"line":53,"column":3}}},"4":{"name":"(anonymous_8)","decl":{"start":{"line":60,"column":8},"end":{"line":60,"column":14}},"loc":{"start":{"line":60,"column":38},"end":{"line":62,"column":3}}}},"branchMap":{"0":{"loc":{"start":{"line":42,"column":28},"end":{"line":42,"column":null}},"type":"cond-expr","locations":[{"start":{"line":42,"column":45},"end":{"line":42,"column":null}},{"start":{"line":42,"column":45},"end":{"line":42,"column":null}}]},"1"
[...]
,"/home/gleb/HOTEL/app/glamping-backend/src/tickets/dto/create-ticket.dto.ts": {"path":"/home/gleb/HOTEL/app/glamping-backend/src/tickets/dto/create-ticket.dto.ts","statementMap":{"0":{"start":{"line":1,"column":0},"end":{"line":1,"column":null}},"1":{"start":{"line":9,"column":0},"end":{"line":9,"column":41}},"2":{"start":{"line":10,"column":0},"end":{"line":10,"column":67}},"3":{"start":{"line":15,"column":2},"end":{"line":15,"column":null}},"4":{"start":{"line":19,"column":2},"end":{"line":19,"column":null}},"5":{"start":{"line":23,"column":2},"end":{"line":23,"column":null}},"6":{"start":{"line":27,"column":2},"end":{"line":27,"column":null}},"7":{"start":{"line":30,"column":0},"end":{"line":30,"column":13}},"8":{"start":{"line":33,"column":2},"end":{"line":33,"column":null}},"9":{"start":{"line":55,"column":2},"end":{"line":55,"column":null}},"10":{"start":{"line":60,"column":2},"end":{"line":60,"column":null}},"11":{"start":{"line":65,"column":2},"end":{"line":65,"column":null}},"12":{"start":{"line":70,"column":2},"end":{"line":70,"column":null}},"13":{"start":{"line":75,"column":2},"end":{"line":75,"column":null}},"14":{"start":{"line":80,"column":2},"end":{"line":80,"column":null}},"15":{"start":{"line":87,"column":2},"end":{"line":87,"column":null}},"16":{"start":{"line":85,"column":14},"end":{"line":85,"column":27}},"17":{"start":{"line":92,"column":2},"end":{"line":92,"column":null}},"18":{"start":{"line":97,"column":2},"end":{"line":97,"column":null}}},"fnMap":{"0":{"name":"(anonymous_2)","decl":{"start":{"line":85,"column":8},"end":{"line":85,"column":11}},"loc":{"start":{"line":85,"column":14},"end":{"line":85,"column":27}}}},"branchMap":{},"s":{"0":0,"1":0,"2":0,"3":0,"4":0,"5":0,"6":0,"7":0,"8":0,"9":0,"10":0,"11":0,"12":0,"13":0,"14":0,"15":0,"16":0,"17":0,"18":0},"f":{"0":0},"b":{}}
,"/home/gleb/HOTEL/app/glamping-backend/src/tickets/dto/update-ticket.dto.ts": {"path":"/home/gleb/HOTEL/app/glamping-backend/src/tickets/dto/update-ticket.dto.ts","statementMap":{"0":{"start":{"line":1,"column":0},"end":{"line":1,"column":53}},"1":{"start":{"line":2,"column":0},"end":{"line":2,"column":54}},"2":{"start":{"line":4,"column":0},"end":{"line":4,"column":13}},"3":{"start":{"line":10,"column":2},"end":{"line":10,"column":null}},"4":{"start":{"line":15,"column":2},"end":{"line":15,"column":null}}},"fnMap":{},"branchMap":{},"s":{"0":0,"1":0,"2":0,"3":0,"4":0},"f":{},"b":{}}
,"/home/gleb/HOTEL/app/glamping-backend/src/transfers/transfers.controller.ts": {"path":"/home/gleb/HOTEL/app/glamping-backend/src/transfers/transfers.controller.ts","statementMap":{"0":{"start":{"line":1,"column":0},"end":{"line":1,"column":49}},"1":{"start":{"line":2,"column":0},"end":{"line":2,"column":56}},"2":{"start":{"line":3,"column":0},"end":{"line":3,"column":55}},"3":{"start":{"line":4,"column":0},"end":{"line":4,"column":63}},"4":{"start":{"line":8,"column":7},"end":{"line":17,"column":null}},"5":{"start":{"line":9,"column":22},"end":{"line":9,"column":40}},"6":{"start":{"line":15,"column":4},"end":{"line":15,"column":43}},"7":{"start":{"line":8,"column":13},"end":{"line":8,"column":32}},"8":{"start":{"line":14,"column":8},"end":{"line":16,"column":null}},"9":{"start":{"line":8,"column":13},"end":{"line":17,"column":null}}},"fnMap":{"0":{"name":"(anonymous_2)","decl":{"start":{"line":9,"column":2},"end":{"line":9,"column":22}},"loc":{"start":{"line":9,"column":56},"end":{"line":9,"column":60}}},"1":{"name":"(anonymous_3)","decl":{"start":{"line":14,"column":8},"end":{"line":14,"column":15}},"loc":{"start":{"line":14,"column":15},"end":{"line":16,"column":3}}}},"branchMap":{"0":{"loc":{"start":{"line":9,"column":40},"end":{"line":9,"column":59}},"type":"cond-expr","locations":[{"start":{"line":9,"column":56},"end":{"line":9,"column":59}},{"start":{"line":9,"column":56},"end":{"line":9,"column":59}}]},"1":{"loc":{"start":{"line":9,"column":40},"end":{"line":9,"column":56}},"type":"binary-expr","locations":[{"start":{"line":9,"column":40},"end":{"line":9,"column":59}},{"start":{"line":9,"column":40},"end":{"line":9,"column":56}}]}},"s":{"0":0,"1":0,"2":0,"3":0,"4":0,"5":0,"6":0,"7":0,"8":0,"9":0},"f":{"0":0,"1":0},"b":{"0":[0,0],"1":[0,0]}}
,"/home/gleb/HOTEL/app/glamping-backend/src/transfers/transfers.module.ts": {"path":"/home/gleb/HOTEL/app/glamping-backend/src/transfers/transfers.module.ts","statementMap":{"0":{"start":{"line":1,"column":0},"end":{"line":1,"column":40}},"1":{"start":{"line":2,"column":0},"end":{"line":2,"column":55}},"2":{"start":{"line":3,"column":0},"end":{"line":3,"column":61}},"3":{"start":{"line":10,"column":7},"end":{"line":10,"column":null}},"4":{"start":{"line":10,"column":13},"end":{"line":10,"column":28}},"5":{"start":{"line":10,"column":13},"end":{"line":10,"column":null}}},"fnMap":{},"branchMap":{},"s":{"0":0,"1":0,"2":0,"3":0,"4":0,"5":0},"f":{},"b":{}}
,"/home/gleb/HOTEL/app/glamping-backend/src/transfers/transfers.service.ts": {"path":"/home/gleb/HOTEL/app/glamping-backend/src/transfers/transfers.service.ts","statementMap":{"0":{"start":{"line":1,"column":0},"end":{"line":1,"column":44}},"1":{"start":{"line":2,"column":0},"end":{"line":2,"column":64}},"2":{"start":{"line":5,"column":7},"end":{"line":17,"column":null}},"3":{"start":{"line":6,"column":22},"end":{"line":6,"column":30}},"4":{"start":{"line":9,"column":25},"end":{"line":9,"column":73}},"5":{"start":{"line":10,"column":4},"end":{"line":15,"column":8}},"6":{"start":{"line":10,"column":36},"end":{"line":15,"column":6}},"7":{"start":{"line":5,"column":13},"end":{"line":5,"column":29}},"8":{"start":{"line":5,"column":13},"end":{"line":17,"column":null}}},"fnMap":{"0":{"name":"(anonymous_2)","decl":{"start":{"line":6,"column":2},"end":{"line":6,"column":22}},"loc":{"start":{"line":6,"column":43},"end":{"line":6,"column":47}}},"1":{"name":"(anonymous_3)","decl":{"start":{"line":8,"column":2},"end":{"line":8,"column":7}},"loc":{"start":{"line":8,"column":15},"end":{"line":16,"column":3}}},"2":{"name":"(anonymous_4)","decl":{"start":{"line":10,"column":28},"end":{"line":10,"column":29}},"loc":{"start":{"line":10,"column":36},"end":{"line":15,"column":6}}}},"branchMap":{"0":{"loc":{"start":{"line":6,"column":30},"end":{"line":6,"column":46}},"type":"cond-expr","locations":[{"start":{"line":6,"column":43},"end":{"line":6,"column":46}},{"start":{"line":6,"column":43},"end":{"line":6,"column":46}}]},"1":{"loc":{"start":{"line":6,"column":30},"end":{"line":6,"column":43}},"type":"binary-expr","locations":[{"start":{"line":6,"column":30},"end":{"line":6,"column":46}},{"start":{"line":6,"column":30},"end":{"line":6,"column":43}}]}},"s":{"0":0,"1":0,"2":0,"3":0,"4":0,"5":0,"6":0,"7":0,"8":0},"f":{"0":0,"1":0,"2":0},"b":{"0":[0,0],"1":[0,0]}}
,"/home/gleb/HOTEL/app/glamping-backend/src/users/users.controller.ts": {"path":"/home/gleb/HOTEL/app/glamping-backend/src/users/users.controller.ts","statementMap":{"0":{"start":{"line":1,"column":0},"end":{"line":1,"column":null}},"1":{"start":{"line":10,"column":0},"end":{"line":10,"column":71}},"2":{"start":{"line":11,"column":0},"end":{"line":11,"column":47}},"3":{"start":{"line":12,"column":0},"end":{"line":12,"column":54}},"4":{"start":{"line":13,"column":0},"end":{"line":13,"column":54}},"5":{"start":{"line":14,"column":0},"end":{"line":14,"column":63}},"6":{"start":{"line":15,"column":0},"end":{"line":15,"column":88}},"7":{"start":{"line":21,"column":7},"end":{"line":51,"column":null}},"8":{"start":{"line":22,"column":22},"end":{"line":22,"column":36}},"9":{"start":{"line":28,"column":4},"end":{"line":28,"column":39}},"10":{"start":{"line":35,"column":4},"end":{"line":35,"column":41}},"11":{"start":{"line":42,"column":4},"end":{"line":42,"column":45}},"12":{"start":{"line":49,"column":4},"end":{"line":49,"column":40}},"13":{"start":{"line":21,"column":13},"end":{"line":21,"column":28}},"14":{"start":{"line":27,"column":8},"end":{"line":29,"column":null}},"15":{"start":{"line":34,"column":8},"end":{"line":36,"column":null}},"16":{"start":{"line":41,"column":8},"end":{"line":43,"column":null}},"17":{"start":{"line":48,"column":8},"end":{"line":50,"column":null}},"18":{"start":{"line":21,"column":13},"end":{"line":51,"column":null}}},"fnMap":{"0":{"name":"(anonymous_4)","decl":{"start":{"line":22,"column":2},"end":{"line":22,"column":22}},"loc":{"start":{"line":22,"column":48},"end":{"line":22,"column":52}}},"1":{"name":"(anonymous_5)","decl":{"start":{"line":27,"column":8},"end":{"line":27,"column":15}},"loc":{"start":{"line":27,"column":15},"end":{"line":29,"column":3}}},"2":{"name":"(anonymous_6)","decl":{"start":{"line":34,"column":8},"end":{"line":34,"column":14}},"loc":{"start":{"line":34,"column":41},"end":{"line":36,"column":3}}},"3":{"name":"(anonymous_7)","decl":{"start":{"line":41,"column":8},"end":{"line":41,"column":14}},"loc":{"start":{"line":41,"column":66},"end":{"line":43,"column":3}}},"4":{"name":"(anonymous_8)","decl":{"start":{"line":48,"column":8},"end":{"line":48,"column":14}},"loc":{"start":{"line":48,"column":38},"end":{"line":50,"column":3}}}},"branchMap":{"0":{"loc":{"start":{"line":34,"column":28},"end":{"line":34,"column":null}},"type":"cond-expr","locations":[{"start":{"line":34,"column":41},"end":{"line":34,"column":null}},{"start":{"line":34,"column":41},"end":{"line":34,"column":null}}]},"1":{"loc":{"start":{"line":34,"column":28},"end":{"line":34,"column":41}},"type":"binary-expr","locations":[{"start":{"line":34,"column":28},"end":{"line":34,"column":null}},{"start":{"line":34,"column":28},"end":{"line":34,"column":41}}]},"2":{"loc":{"start":{"line":41,"column":53},"end":{"line":41,"column":null}},"type":"cond-expr","locations":[{"start":{"line":41,"column":66},"end":{"line":41,"column":null}},{"start":{"line":41,"column":66},"end":{"line":41,"column":null}}]},"3":{"loc":{"start":{"line":41,"column":53},"end":{"line":41,"column":66}},"type":"binary-expr","locations":[{"start":{"line":41,"column":53},"end":{"line":41,"column":null}},{"start":{"line":41,"column":53},"end":{"line":41,"column":66}}]},"4":{"loc":{"start":{"line":22,"column":36},"end":{"line":22,"column":51}},"type":"cond-expr","locations":[{"start":{"line":22,"column":48},"end":{"line":22,"column":51}},{"start":{"line":22,"column":48},"end":{"line":22,"column":51}}]},"5":{"loc":{"start":{"line":22,"column":36},"end":{"line":22,"column":48}},"type":"binary-expr","locations":[{"start":{"line":22,"column":36},"end":{"line":22,"column":51}},{"start":{"line":22,"column":36},"end":{"line":22,"column":48}}]}},"s":{"0":0,"1":0,"2":0,"3":0,"4":0,"5":0,"6":0,"7":0,"8":0,"9":0,"10":0,"11":0,"12":0,"13":0,"14":0,"15":0,"16":0,"17":0,"18":0},"f":{"0":0,"1":0,"2":0,"3":0,"4":0},"b":{"0":[0,0],"1":[0,0],"2":[0,0],"3":[0,0],"4":[0,0],"5":[0,0]}}
,"/home/gleb/HOTEL/app/glamping-backend/src/users/users.module.ts": {"path":"/home/gleb/HOTEL/app/glamping-backend/src/users/users.module.ts","statementMap":{"0":{"start":{"line":1,"column":0},"end":{"line":1,"column":40}},"1":{"start":{"line":2,"column":0},"end":{"line":2,"column":47}},"2":{"start":{"line":3,"column":0},"end":{"line":3,"column":53}},"3":{"start":{"line":4,"column":0},"end":{"line":4,"column":62}},"4":{"start":{"line":12,"column":7},"end":{"line":12,"column":null}},"5":{"start":{"line":12,"column":13},"end":{"line":12,"column":24}},"6":{"start":{"line":12,"column":13},"end":{"line":12,"column":null}}},"fnMap":{},"branchMap":{},"s":{"0":0,"1":0,"2":0,"3":0,"4":0,"5":0,"6":0},"f":{},"b":{}}
,"/home/gleb/HOTEL/app/glamping-backend/src/users/users.service.ts": {"path":"/home/gleb/HOTEL/app/glamping-backend/src/users/users.service.ts","statementMap":{"0":{"start":{"line":1,"column":0},"end":{"line":1,"column":null}},"1":{"start":{"line":6,"column":0},"end":{"line":6,"column":64}},"2":{"start":{"line":9,"column":0},"end":{"line":9,"column":33}},"3":{"start":{"line":12,"column":7},"end":{"line":89,"column":null}},"4":{"start":{"line":13,"column":22},"end":{"line":13,"column":30}},"5":{"start":{"line":16,"column":18},"end":{"line":19,"column":6}},"6":{"start":{"line":21,"column":4},"end":{"line":28,"column":8}},"7":{"start":{"line":21,"column":29},"end":{"line":28,"column":6}},"8":{"start":{"line":32,"column":21},"end":{"line":34,"column":6}},"9":{"start":{"line":35,"column":4},"end":{"line":38,"column":8}},"10":{"start":{"line":36,"column":6},"end":{"line":38,"column":8}},"11":{"start":{"line":40,"column":17},"end":{"line":42,"column":6}},"12":{"start":{"line":43,"column":4},"end":{"line":43,"column":64}},"13":{"start":{"line":43,"column":15},"end":{"line":43,"column":64}},"14":{"start":{"line":45,"column":25},"end":{"line":45,"column":56}},"15":{"start":{"line":47,"column":4},"end":{"line":55,"column":7}},"16":{"start":{"line":59,"column":17},"end":{"line":59,"column":69}},"17":{"start":{"line":60,"column":4},"end":{"line":60,"column":69}},"18":{"start":{"line":60,"column":15},"end":{"line":60,"column":69}},"19":{"start":{"line":62,"column":4},"end":{"line":67,"column":5}},"20":{"start":{"line":63,"column":19},"end":{"line":65,"column":8}},"21":{"start":{"line":66,"column":6},"end":{"line":66,"column":66}},"22":{"start":{"line":66,"column":17},"end":{"line":66,"column":66}},"23":{"start":{"line":69,"column":42},"end":{"line":69,"column":44}},"24":{"start":{"line":70,"column":4},"end":{"line":70,"column":39}},"25":{"start":{"line":70,"column":18},"end":{"line":70,"column":39}},"26":{"start":{"line":71,"column":4},"end":{"line":71,"column":45}},"27":{"start":{"line":71,"column":20},"end":{"line":71,"column":45}},"28":{"start":{"line":72,"column":4},"end":{"line":72,"column":74}},"29":{"start":{"line":72,"column":22},"end":{"line":72,"column":74}},"30":{"start":{"line":74,"column":4},"end":{"line":78,"column":7}},"31":{"start":{"line":82,"column":17},"end":{"line":82,"column":69}},"32":{"start":{"line":83,"column":4},"end":{"line":83,"column":69}},"33":{"start":{"line":83,"column":15},"end":{"line":83,"column":69}},"34":{"start":{"line":84,"column":4},"end":{"line":85,"column":78}},"35":{"start":{"line":85,"column":6},"end":{"line":85,"column":78}},"36":{"start":{"line":87,"column":4},"end":{"line":87,"column":54}},"37":{"start":{"line":12,"column":13},"end":{"line":12,"column":25}},"38":{"start":{"line":12,"column":13},"end":{"line":89,"column":null}}},"fnMap":{"0":{"name":"(anonymous_11)","decl":{"start":{"line":13,"column":2},"end":{"line":13,"column":22}},"loc":{"start":{"line":13,"column":43},"end":{"line":13,"column":47}}},"1":{"name":"(anonymous_12)","decl":{"start":{"line":15,"column":2},"end":{"line":15,"column":7}},"loc":{"start":{"line":15,"column":15},"end":{"line":29,"column":3}}},"2":{"name":"(anonymous_13)","decl":{"start":{"line":21,"column":21},"end":{"line":21,"column":22}},"loc":{"start":{"line":21,"column":29},"end":{"line":28,"column":6}}},"3":{"name":"(anonymous_14)","decl":{"start":{"line":31,"column":2},"end":{"line":31,"column":7}},"loc":{"start":{"line":31,"column":33},"end":{"line":56,"column":3}}},"4":{"name":"(anonymous_15)","decl":{"start":{"line":58,"column":2},"end":{"line":58,"column":7}},"loc":{"start":{"line":58,"column":45},"end":{"line":79,"column":3}}},"5":{"name":"(anonymous_16)","decl":{"start":{"line":81,"column":2},"end":{"line":81,"column":7}},"loc":{"start":{"line":81,"column":25},"end":{"line":88,"column":3}}}},"branchMap":{"0":{"loc":{"start":{"line":26,"column":12},"end":{"line":26,"column":38}},"type":"binary-expr","locations":[{"start":{"line":26,"column":12},"end":{"line":26,"column":24}},{"start":{"line":26,"column":28},"end":{"line":26,"column":38}}]},"1":{"loc":{"start":{"line":35,"column":4},"end":{"line":38,"column":8}},"type":"if","locations":[{"start":{"line":35,"column":4},"end":{"line":38,"column":8}},{"start":{},"end":{}}]},"2":{"loc":{"start":{"line":43,"column":4},"end":{"line":43,"column":64}},"type":"if","locations":[{"start":{"line":43,"column":4},"end":{"line":43,"column":64}},{"start":{},"end":{}}]},"3":{"loc":{"start":{"line":60,"column":4},"end":{"line":60,"column":69}},"type":"if","locations":[{"start":{"line":60,"column":4},"end":{"line":60,"column":69}},{"start":{},"end":{}}]},"4":{"loc":{"start":{"line":62,"column":4},"end":{"line":67,"column":5}},"type":"if","locations":[{"start":{"line":62,"column":4},"end":{"line":67,"column":5}},{"start":{},"end":{}}]},"5":{"loc":{"start":{"line":66,"column":6},"end":{"line":66,"column":66}},"type":"if","locations":[{"start":{"line":66,"column":6},"end":{"line":66,"column":66}},{"start":{},"end":{}}]},"6":{"loc":{"start":{"line":70,"column":4},"end":{"line":70,"column":39}},"type":"if","locations":[{"start":{"line":70,"column":4},"end":{"line":70,"column":39}},{"start":{},"end":{}}]},"7":{"loc":{"start":{"line":71,"column":4},"end":{"line":71,"column":45}},"type":"if","locations":[{"start":{"line":71,"column":4},"end":{"line":71,"column":45}},{"start":{},"end":{}}]},"8":{"loc":{"start":{"line":72,"column":4},"end":{"line":72,"column":74}},"type":"if","locations":[{"start":{"line":72,"column":4},"end":{"line":72,"column":74}},{"start":{},"end":{}}]},"9":{"loc":{"start":{"line":83,"column":4},"end":{"line":83,"column":69}},"type":"if","locations":[{"start":{"line":83,"column":4},"end":{"line":83,"column":69}},{"start":{},"end":{}}]},"10":{"loc":{"start":{"line":84,"column":4},"end":{"line":85,"column":78}},"type":"if","locations":[{"start":{"line":84,"column":4},"end":{"line":85,"column":78}},{"start":{},"end":{}}]},"11":{"loc":{"start":{"line":13,"column":30},"end":{"line":13,"column":46}},"type":"cond-expr","locations":[{"start":{"line":13,"column":43},"end":{"line":13,"column":46}},{"start":{"line":13,"column":43},"end":{"line":13,"column":46}}]},"12":{"loc":{"start":{"line":13,"column":30},"end":{"line":13,"column":43}},"type":"binary-expr","locations":[{"start":{"line":13,"column":30},"end":{"line":13,"column":46}},{"start":{"line":13,"column":30},"end":{"line":13,"column":43}}]}},"s":{"0":0,"1":0,"2":0,"3":0,"4":0,"5":0,"6":0,"7":0,"8":0,"9":0,"10":0,"11":0,"12":0,"13":0,"14":0,"15":0,"16":0,"17":0,"18":0,"19":0,"20":0,"21":0,"22":0,"23":0,"24":0,"25":0,"26":0,"27":0,"28":0,"29":0,"30":0,"31":0,"32":0,"33":0,"34":0,"35":0,"36":0,"37":0,"38":0},"f":{"0":0,"1":0,"2":0,"3":0,"4":0,"5":0},"b":{"0":[0,0],"1":[0,0],"2":[0,0],"3":[0,0],"4":[0,0],"5":[0,0],"6":[0,0],"7":[0,0],"8":[0,0],"9":[0,0],"10":[0,0],"11":[0,0],"12":[0,0]}}
,"/home/gleb/HOTEL/app/glamping-backend/src/users/dto/create-user.dto.ts": {"path":"/home/gleb/HOTEL/app/glamping-backend/src/users/dto/create-user.dto.ts","statementMap":{"0":{"start":{"line":1,"column":0},"end":{"line":1,"column":75}},"1":{"start":{"line":2,"column":0},"end":{"line":2,"column":67}},"2":{"start":{"line":4,"column":0},"end":{"line":4,"column":13}},"3":{"start":{"line":7,"column":2},"end":{"line":7,"column":null}},"4":{"start":{"line":12,"column":2},"end":{"line":12,"column":null}},"5":{"start":{"line":17,"column":2},"end":{"line":17,"column":null}},"6":{"start":{"line":22,"column":2},"end":{"line":22,"column":null}},"7":{"start":{"line":27,"column":2},"end":{"line":27,"column":null}}},"fnMap":{},"branchMap":{},"s":{"0":0,"1":0,"2":0,"3":0,"4":0,"5":0,"6":0,"7":0},"f":{},"b":{}}
,"/home/gleb/HOTEL/app/glamping-backend/src/users/dto/update-user.dto.ts": {"path":"/home/gleb/HOTEL/app/glamping-backend/src/users/dto/update-user.dto.ts","statementMap":{"0":{"start":{"line":1,"column":0},"end":{"line":1,"column":55}},"1":{"start":{"line":2,"column":0},"end":{"line":2,"column":54}},"2":{"start":{"line":4,"column":0},"end":{"line":4,"column":13}},"3":{"start":{"line":8,"column":2},"end":{"line":8,"column":null}},"4":{"start":{"line":13,"column":2},"end":{"line":13,"column":null}},"5":{"start":{"line":18,"column":2},"end":{"line":18,"column":null}}},"fnMap":{},"branchMap":{},"s":{"0":0,"1":0,"2":0,"3":0,"4":0,"5":0},"f":{},"b":{}}
}
